{"/Users/kin/Code/bet-analysis/src/v2/nestjs-main.ts": {"path":"/Users/kin/Code/bet-analysis/src/v2/nestjs-main.ts","statementMap":{"0":{"start":{"line":1,"column":0},"end":{"line":1,"column":43}},"1":{"start":{"line":2,"column":0},"end":{"line":2,"column":41}},"2":{"start":{"line":3,"column":0},"end":{"line":3,"column":48}},"3":{"start":{"line":6,"column":14},"end":{"line":6,"column":49}},"4":{"start":{"line":9,"column":2},"end":{"line":9,"column":43}},"5":{"start":{"line":12,"column":2},"end":{"line":12,"column":19}},"6":{"start":{"line":14,"column":2},"end":{"line":14,"column":64}},"7":{"start":{"line":15,"column":2},"end":{"line":15,"column":96}},"8":{"start":{"line":16,"column":2},"end":{"line":16,"column":71}},"9":{"start":{"line":18,"column":15},"end":{"line":18,"column":39}},"10":{"start":{"line":19,"column":2},"end":{"line":19,"column":25}},"11":{"start":{"line":20,"column":2},"end":{"line":20,"column":63}},"12":{"start":{"line":23,"column":0},"end":{"line":26,"column":3}},"13":{"start":{"line":24,"column":2},"end":{"line":24,"column":55}},"14":{"start":{"line":25,"column":2},"end":{"line":25,"column":18}}},"fnMap":{"0":{"name":"bootstrap","decl":{"start":{"line":5,"column":15},"end":{"line":5,"column":24}},"loc":{"start":{"line":5,"column":24},"end":{"line":21,"column":1}}},"1":{"name":"(anonymous_1)","decl":{"start":{"line":23,"column":18},"end":{"line":23,"column":23}},"loc":{"start":{"line":23,"column":26},"end":{"line":26,"column":1}}}},"branchMap":{"0":{"loc":{"start":{"line":18,"column":15},"end":{"line":18,"column":39}},"type":"binary-expr","locations":[{"start":{"line":18,"column":15},"end":{"line":18,"column":31}},{"start":{"line":18,"column":35},"end":{"line":18,"column":39}}]}},"s":{"0":0,"1":0,"2":0,"3":0,"4":0,"5":0,"6":0,"7":0,"8":0,"9":0,"10":0,"11":0,"12":0,"13":0,"14":0},"f":{"0":0,"1":0},"b":{"0":[0,0]}}
,"/Users/kin/Code/bet-analysis/src/v2/analysis/analysis.controller.ts": {"path":"/Users/kin/Code/bet-analysis/src/v2/analysis/analysis.controller.ts","statementMap":{"0":{"start":{"line":1,"column":0},"end":{"line":1,"column":68}},"1":{"start":{"line":2,"column":0},"end":{"line":2,"column":70}},"2":{"start":{"line":3,"column":0},"end":{"line":3,"column":66}},"3":{"start":{"line":6,"column":7},"end":{"line":63,"column":null}},"4":{"start":{"line":8,"column":21},"end":{"line":8,"column":46}},"5":{"start":{"line":9,"column":21},"end":{"line":9,"column":44}},"6":{"start":{"line":14,"column":4},"end":{"line":14,"column":77}},"7":{"start":{"line":19,"column":4},"end":{"line":19,"column":77}},"8":{"start":{"line":24,"column":23},"end":{"line":24,"column":50}},"9":{"start":{"line":25,"column":4},"end":{"line":25,"column":72}},"10":{"start":{"line":30,"column":21},"end":{"line":30,"column":49}},"11":{"start":{"line":31,"column":4},"end":{"line":31,"column":71}},"12":{"start":{"line":36,"column":4},"end":{"line":36,"column":68}},"13":{"start":{"line":41,"column":4},"end":{"line":41,"column":65}},"14":{"start":{"line":46,"column":4},"end":{"line":46,"column":63}},"15":{"start":{"line":51,"column":4},"end":{"line":51,"column":56}},"16":{"start":{"line":56,"column":4},"end":{"line":61,"column":6}},"17":{"start":{"line":6,"column":13},"end":{"line":6,"column":31}},"18":{"start":{"line":13,"column":8},"end":{"line":15,"column":null}},"19":{"start":{"line":18,"column":8},"end":{"line":20,"column":null}},"20":{"start":{"line":23,"column":8},"end":{"line":26,"column":null}},"21":{"start":{"line":29,"column":8},"end":{"line":32,"column":null}},"22":{"start":{"line":35,"column":8},"end":{"line":37,"column":null}},"23":{"start":{"line":40,"column":8},"end":{"line":42,"column":null}},"24":{"start":{"line":45,"column":2},"end":{"line":47,"column":null}},"25":{"start":{"line":50,"column":2},"end":{"line":52,"column":null}},"26":{"start":{"line":55,"column":2},"end":{"line":62,"column":null}},"27":{"start":{"line":6,"column":13},"end":{"line":63,"column":null}}},"fnMap":{"0":{"name":"(anonymous_4)","decl":{"start":{"line":7,"column":2},"end":{"line":7,"column":null}},"loc":{"start":{"line":9,"column":65},"end":{"line":10,"column":6}}},"1":{"name":"(anonymous_5)","decl":{"start":{"line":13,"column":2},"end":{"line":13,"column":7}},"loc":{"start":{"line":13,"column":60},"end":{"line":15,"column":3}}},"2":{"name":"(anonymous_6)","decl":{"start":{"line":18,"column":2},"end":{"line":18,"column":7}},"loc":{"start":{"line":18,"column":57},"end":{"line":20,"column":3}}},"3":{"name":"(anonymous_7)","decl":{"start":{"line":23,"column":2},"end":{"line":23,"column":7}},"loc":{"start":{"line":23,"column":51},"end":{"line":26,"column":3}}},"4":{"name":"(anonymous_8)","decl":{"start":{"line":29,"column":2},"end":{"line":29,"column":7}},"loc":{"start":{"line":29,"column":55},"end":{"line":32,"column":3}}},"5":{"name":"(anonymous_9)","decl":{"start":{"line":35,"column":2},"end":{"line":35,"column":7}},"loc":{"start":{"line":35,"column":55},"end":{"line":37,"column":3}}},"6":{"name":"(anonymous_10)","decl":{"start":{"line":40,"column":2},"end":{"line":40,"column":7}},"loc":{"start":{"line":40,"column":47},"end":{"line":42,"column":3}}},"7":{"name":"(anonymous_11)","decl":{"start":{"line":45,"column":2},"end":{"line":45,"column":22}},"loc":{"start":{"line":45,"column":22},"end":{"line":47,"column":3}}},"8":{"name":"(anonymous_12)","decl":{"start":{"line":50,"column":2},"end":{"line":50,"column":15}},"loc":{"start":{"line":50,"column":15},"end":{"line":52,"column":3}}},"9":{"name":"(anonymous_13)","decl":{"start":{"line":55,"column":2},"end":{"line":55,"column":11}},"loc":{"start":{"line":55,"column":11},"end":{"line":62,"column":3}}}},"branchMap":{"0":{"loc":{"start":{"line":19,"column":57},"end":{"line":19,"column":75}},"type":"binary-expr","locations":[{"start":{"line":19,"column":57},"end":{"line":19,"column":69}},{"start":{"line":19,"column":73},"end":{"line":19,"column":75}}]},"1":{"loc":{"start":{"line":24,"column":23},"end":{"line":24,"column":50}},"type":"cond-expr","locations":[{"start":{"line":24,"column":30},"end":{"line":24,"column":45}},{"start":{"line":24,"column":48},"end":{"line":24,"column":50}}]},"2":{"loc":{"start":{"line":30,"column":21},"end":{"line":30,"column":49}},"type":"cond-expr","locations":[{"start":{"line":30,"column":29},"end":{"line":30,"column":44}},{"start":{"line":30,"column":47},"end":{"line":30,"column":49}}]},"3":{"loc":{"start":{"line":59,"column":37},"end":{"line":59,"column":94}},"type":"binary-expr","locations":[{"start":{"line":59,"column":37},"end":{"line":59,"column":88}},{"start":{"line":59,"column":92},"end":{"line":59,"column":94}}]},"4":{"loc":{"start":{"line":60,"column":19},"end":{"line":60,"column":69}},"type":"binary-expr","locations":[{"start":{"line":60,"column":19},"end":{"line":60,"column":63}},{"start":{"line":60,"column":67},"end":{"line":60,"column":69}}]}},"s":{"0":0,"1":0,"2":0,"3":0,"4":0,"5":0,"6":0,"7":0,"8":0,"9":0,"10":0,"11":0,"12":0,"13":0,"14":0,"15":0,"16":0,"17":0,"18":0,"19":0,"20":0,"21":0,"22":0,"23":0,"24":0,"25":0,"26":0,"27":0},"f":{"0":0,"1":0,"2":0,"3":0,"4":0,"5":0,"6":0,"7":0,"8":0,"9":0},"b":{"0":[0,0],"1":[0,0],"2":[0,0],"3":[0,0],"4":[0,0]}}
,"/Users/kin/Code/bet-analysis/src/v2/analysis/analysis.module.ts": {"path":"/Users/kin/Code/bet-analysis/src/v2/analysis/analysis.module.ts","statementMap":{"0":{"start":{"line":1,"column":0},"end":{"line":1,"column":40}},"1":{"start":{"line":2,"column":0},"end":{"line":2,"column":70}},"2":{"start":{"line":3,"column":0},"end":{"line":3,"column":66}},"3":{"start":{"line":4,"column":0},"end":{"line":4,"column":59}},"4":{"start":{"line":5,"column":0},"end":{"line":5,"column":49}},"5":{"start":{"line":12,"column":7},"end":{"line":12,"column":null}},"6":{"start":{"line":12,"column":13},"end":{"line":12,"column":27}},"7":{"start":{"line":12,"column":13},"end":{"line":12,"column":null}}},"fnMap":{},"branchMap":{},"s":{"0":0,"1":0,"2":0,"3":0,"4":0,"5":0,"6":0,"7":0},"f":{},"b":{}}
,"/Users/kin/Code/bet-analysis/src/v2/analysis/factor-drilling.service.ts": {"path":"/Users/kin/Code/bet-analysis/src/v2/analysis/factor-drilling.service.ts","statementMap":{"0":{"start":{"line":1,"column":0},"end":{"line":1,"column":44}},"1":{"start":{"line":2,"column":0},"end":{"line":2,"column":70}},"2":{"start":{"line":5,"column":7},"end":{"line":216,"column":null}},"3":{"start":{"line":6,"column":31},"end":{"line":6,"column":56}},"4":{"start":{"line":9,"column":4},"end":{"line":9,"column":58}},"5":{"start":{"line":13,"column":4},"end":{"line":13,"column":69}},"6":{"start":{"line":15,"column":30},"end":{"line":15,"column":81}},"7":{"start":{"line":16,"column":29},"end":{"line":16,"column":59}},"8":{"start":{"line":19,"column":25},"end":{"line":19,"column":29}},"9":{"start":{"line":20,"column":4},"end":{"line":22,"column":5}},"10":{"start":{"line":21,"column":6},"end":{"line":21,"column":91}},"11":{"start":{"line":25,"column":24},"end":{"line":25,"column":91}},"12":{"start":{"line":25,"column":58},"end":{"line":25,"column":90}},"13":{"start":{"line":28,"column":25},"end":{"line":28,"column":27}},"14":{"start":{"line":30,"column":4},"end":{"line":48,"column":5}},"15":{"start":{"line":31,"column":30},"end":{"line":31,"column":61}},"16":{"start":{"line":32,"column":22},"end":{"line":32,"column":90}},"17":{"start":{"line":34,"column":6},"end":{"line":47,"column":9}},"18":{"start":{"line":51,"column":4},"end":{"line":51,"column":47}},"19":{"start":{"line":51,"column":32},"end":{"line":51,"column":45}},"20":{"start":{"line":53,"column":4},"end":{"line":59,"column":6}},"21":{"start":{"line":63,"column":4},"end":{"line":63,"column":81}},"22":{"start":{"line":65,"column":20},"end":{"line":65,"column":22}},"23":{"start":{"line":68,"column":4},"end":{"line":92,"column":5}},"24":{"start":{"line":68,"column":17},"end":{"line":68,"column":18}},"25":{"start":{"line":69,"column":22},"end":{"line":69,"column":44}},"26":{"start":{"line":71,"column":6},"end":{"line":91,"column":7}},"27":{"start":{"line":73,"column":28},"end":{"line":73,"column":55}},"28":{"start":{"line":74,"column":8},"end":{"line":79,"column":11}},"29":{"start":{"line":82,"column":24},"end":{"line":82,"column":84}},"30":{"start":{"line":83,"column":28},"end":{"line":83,"column":60}},"31":{"start":{"line":85,"column":8},"end":{"line":90,"column":11}},"32":{"start":{"line":94,"column":4},"end":{"line":98,"column":6}},"33":{"start":{"line":102,"column":4},"end":{"line":102,"column":54}},"34":{"start":{"line":104,"column":23},"end":{"line":104,"column":67}},"35":{"start":{"line":105,"column":4},"end":{"line":107,"column":5}},"36":{"start":{"line":106,"column":6},"end":{"line":106,"column":65}},"37":{"start":{"line":110,"column":31},"end":{"line":110,"column":33}},"38":{"start":{"line":112,"column":4},"end":{"line":128,"column":5}},"39":{"start":{"line":113,"column":6},"end":{"line":127,"column":7}},"40":{"start":{"line":114,"column":24},"end":{"line":114,"column":46}},"41":{"start":{"line":115,"column":24},"end":{"line":115,"column":84}},"42":{"start":{"line":117,"column":8},"end":{"line":124,"column":11}},"43":{"start":{"line":126,"column":8},"end":{"line":126,"column":75}},"44":{"start":{"line":131,"column":4},"end":{"line":131,"column":69}},"45":{"start":{"line":131,"column":38},"end":{"line":131,"column":67}},"46":{"start":{"line":133,"column":4},"end":{"line":137,"column":6}},"47":{"start":{"line":136,"column":47},"end":{"line":136,"column":57}},"48":{"start":{"line":141,"column":4},"end":{"line":141,"column":60}},"49":{"start":{"line":143,"column":30},"end":{"line":143,"column":81}},"50":{"start":{"line":144,"column":22},"end":{"line":144,"column":47}},"51":{"start":{"line":146,"column":4},"end":{"line":148,"column":5}},"52":{"start":{"line":147,"column":6},"end":{"line":147,"column":43}},"53":{"start":{"line":151,"column":24},"end":{"line":151,"column":85}},"54":{"start":{"line":154,"column":23},"end":{"line":154,"column":72}},"55":{"start":{"line":155,"column":28},"end":{"line":155,"column":30}},"56":{"start":{"line":157,"column":4},"end":{"line":165,"column":5}},"57":{"start":{"line":158,"column":6},"end":{"line":164,"column":7}},"58":{"start":{"line":159,"column":24},"end":{"line":159,"column":96}},"59":{"start":{"line":160,"column":8},"end":{"line":163,"column":11}},"60":{"start":{"line":167,"column":4},"end":{"line":183,"column":6}},"61":{"start":{"line":180,"column":12},"end":{"line":180,"column":67}},"62":{"start":{"line":187,"column":23},"end":{"line":187,"column":55}},"63":{"start":{"line":189,"column":4},"end":{"line":194,"column":5}},"64":{"start":{"line":189,"column":17},"end":{"line":189,"column":18}},"65":{"start":{"line":190,"column":6},"end":{"line":193,"column":9}},"66":{"start":{"line":196,"column":4},"end":{"line":196,"column":22}},"67":{"start":{"line":200,"column":30},"end":{"line":200,"column":81}},"68":{"start":{"line":201,"column":23},"end":{"line":201,"column":53}},"69":{"start":{"line":203,"column":28},"end":{"line":205,"column":null}},"70":{"start":{"line":204,"column":6},"end":{"line":205,"column":95}},"71":{"start":{"line":208,"column":4},"end":{"line":214,"column":6}},"72":{"start":{"line":210,"column":46},"end":{"line":213,"column":8}},"73":{"start":{"line":5,"column":13},"end":{"line":5,"column":34}},"74":{"start":{"line":5,"column":13},"end":{"line":216,"column":null}}},"fnMap":{"0":{"name":"(anonymous_2)","decl":{"start":{"line":6,"column":2},"end":{"line":6,"column":31}},"loc":{"start":{"line":6,"column":79},"end":{"line":6,"column":83}}},"1":{"name":"(anonymous_3)","decl":{"start":{"line":8,"column":2},"end":{"line":8,"column":7}},"loc":{"start":{"line":8,"column":20},"end":{"line":10,"column":3}}},"2":{"name":"(anonymous_4)","decl":{"start":{"line":12,"column":2},"end":{"line":12,"column":7}},"loc":{"start":{"line":12,"column":50},"end":{"line":60,"column":3}}},"3":{"name":"(anonymous_5)","decl":{"start":{"line":25,"column":48},"end":{"line":25,"column":54}},"loc":{"start":{"line":25,"column":58},"end":{"line":25,"column":90}}},"4":{"name":"(anonymous_6)","decl":{"start":{"line":51,"column":22},"end":{"line":51,"column":23}},"loc":{"start":{"line":51,"column":32},"end":{"line":51,"column":45}}},"5":{"name":"(anonymous_7)","decl":{"start":{"line":62,"column":2},"end":{"line":62,"column":7}},"loc":{"start":{"line":62,"column":44},"end":{"line":99,"column":3}}},"6":{"name":"(anonymous_8)","decl":{"start":{"line":101,"column":2},"end":{"line":101,"column":7}},"loc":{"start":{"line":101,"column":43},"end":{"line":138,"column":3}}},"7":{"name":"(anonymous_9)","decl":{"start":{"line":131,"column":28},"end":{"line":131,"column":29}},"loc":{"start":{"line":131,"column":38},"end":{"line":131,"column":67}}},"8":{"name":"(anonymous_10)","decl":{"start":{"line":136,"column":42},"end":{"line":136,"column":43}},"loc":{"start":{"line":136,"column":47},"end":{"line":136,"column":57}}},"9":{"name":"(anonymous_11)","decl":{"start":{"line":140,"column":2},"end":{"line":140,"column":7}},"loc":{"start":{"line":140,"column":38},"end":{"line":184,"column":3}}},"10":{"name":"(anonymous_12)","decl":{"start":{"line":179,"column":33},"end":{"line":179,"column":34}},"loc":{"start":{"line":180,"column":12},"end":{"line":180,"column":67}}},"11":{"name":"(anonymous_13)","decl":{"start":{"line":186,"column":10},"end":{"line":186,"column":28}},"loc":{"start":{"line":186,"column":46},"end":{"line":197,"column":3}}},"12":{"name":"(anonymous_14)","decl":{"start":{"line":199,"column":2},"end":{"line":199,"column":7}},"loc":{"start":{"line":199,"column":35},"end":{"line":215,"column":3}}},"13":{"name":"(anonymous_15)","decl":{"start":{"line":203,"column":46},"end":{"line":203,"column":52}},"loc":{"start":{"line":204,"column":6},"end":{"line":205,"column":95}}},"14":{"name":"(anonymous_16)","decl":{"start":{"line":210,"column":35},"end":{"line":210,"column":41}},"loc":{"start":{"line":210,"column":46},"end":{"line":213,"column":8}}}},"branchMap":{"0":{"loc":{"start":{"line":12,"column":21},"end":{"line":12,"column":50}},"type":"default-arg","locations":[{"start":{"line":12,"column":48},"end":{"line":12,"column":50}}]},"1":{"loc":{"start":{"line":20,"column":4},"end":{"line":22,"column":5}},"type":"if","locations":[{"start":{"line":20,"column":4},"end":{"line":22,"column":5}}]},"2":{"loc":{"start":{"line":41,"column":21},"end":{"line":41,"column":83}},"type":"binary-expr","locations":[{"start":{"line":41,"column":21},"end":{"line":41,"column":63}},{"start":{"line":41,"column":67},"end":{"line":41,"column":83}}]},"3":{"loc":{"start":{"line":42,"column":21},"end":{"line":46,"column":16}},"type":"cond-expr","locations":[{"start":{"line":42,"column":38},"end":{"line":46,"column":10}},{"start":{"line":46,"column":12},"end":{"line":46,"column":16}}]},"4":{"loc":{"start":{"line":71,"column":6},"end":{"line":91,"column":7}},"type":"if","locations":[{"start":{"line":71,"column":6},"end":{"line":91,"column":7}},{"start":{"line":80,"column":13},"end":{"line":91,"column":7}}]},"5":{"loc":{"start":{"line":101,"column":25},"end":{"line":101,"column":43}},"type":"default-arg","locations":[{"start":{"line":101,"column":41},"end":{"line":101,"column":43}}]},"6":{"loc":{"start":{"line":105,"column":4},"end":{"line":107,"column":5}},"type":"if","locations":[{"start":{"line":105,"column":4},"end":{"line":107,"column":5}}]},"7":{"loc":{"start":{"line":105,"column":8},"end":{"line":105,"column":49}},"type":"binary-expr","locations":[{"start":{"line":105,"column":8},"end":{"line":105,"column":19}},{"start":{"line":105,"column":23},"end":{"line":105,"column":49}}]},"8":{"loc":{"start":{"line":114,"column":24},"end":{"line":114,"column":46}},"type":"binary-expr","locations":[{"start":{"line":114,"column":24},"end":{"line":114,"column":40}},{"start":{"line":114,"column":44},"end":{"line":114,"column":46}}]},"9":{"loc":{"start":{"line":118,"column":16},"end":{"line":118,"column":51}},"type":"binary-expr","locations":[{"start":{"line":118,"column":16},"end":{"line":118,"column":29}},{"start":{"line":118,"column":33},"end":{"line":118,"column":51}}]},"10":{"loc":{"start":{"line":121,"column":23},"end":{"line":121,"column":40}},"type":"binary-expr","locations":[{"start":{"line":121,"column":23},"end":{"line":121,"column":35}},{"start":{"line":121,"column":39},"end":{"line":121,"column":40}}]},"11":{"loc":{"start":{"line":122,"column":27},"end":{"line":122,"column":48}},"type":"binary-expr","locations":[{"start":{"line":122,"column":27},"end":{"line":122,"column":43}},{"start":{"line":122,"column":47},"end":{"line":122,"column":48}}]},"12":{"loc":{"start":{"line":123,"column":44},"end":{"line":123,"column":61}},"type":"binary-expr","locations":[{"start":{"line":123,"column":44},"end":{"line":123,"column":56}},{"start":{"line":123,"column":60},"end":{"line":123,"column":61}}]},"13":{"loc":{"start":{"line":146,"column":4},"end":{"line":148,"column":5}},"type":"if","locations":[{"start":{"line":146,"column":4},"end":{"line":148,"column":5}}]},"14":{"loc":{"start":{"line":158,"column":6},"end":{"line":164,"column":7}},"type":"if","locations":[{"start":{"line":158,"column":6},"end":{"line":164,"column":7}}]},"15":{"loc":{"start":{"line":178,"column":25},"end":{"line":181,"column":18}},"type":"cond-expr","locations":[{"start":{"line":179,"column":10},"end":{"line":180,"column":null}},{"start":{"line":181,"column":14},"end":{"line":181,"column":18}}]},"16":{"loc":{"start":{"line":180,"column":12},"end":{"line":180,"column":67}},"type":"cond-expr","locations":[{"start":{"line":180,"column":53},"end":{"line":180,"column":60}},{"start":{"line":180,"column":63},"end":{"line":180,"column":67}}]},"17":{"loc":{"start":{"line":204,"column":6},"end":{"line":205,"column":95}},"type":"binary-expr","locations":[{"start":{"line":204,"column":6},"end":{"line":204,"column":56}},{"start":{"line":205,"column":6},"end":{"line":205,"column":95}}]},"18":{"loc":{"start":{"line":205,"column":7},"end":{"line":205,"column":50}},"type":"binary-expr","locations":[{"start":{"line":205,"column":7},"end":{"line":205,"column":44}},{"start":{"line":205,"column":48},"end":{"line":205,"column":50}}]}},"s":{"0":0,"1":0,"2":0,"3":0,"4":0,"5":0,"6":0,"7":0,"8":0,"9":0,"10":0,"11":0,"12":0,"13":0,"14":0,"15":0,"16":0,"17":0,"18":0,"19":0,"20":0,"21":0,"22":0,"23":0,"24":0,"25":0,"26":0,"27":0,"28":0,"29":0,"30":0,"31":0,"32":0,"33":0,"34":0,"35":0,"36":0,"37":0,"38":0,"39":0,"40":0,"41":0,"42":0,"43":0,"44":0,"45":0,"46":0,"47":0,"48":0,"49":0,"50":0,"51":0,"52":0,"53":0,"54":0,"55":0,"56":0,"57":0,"58":0,"59":0,"60":0,"61":0,"62":0,"63":0,"64":0,"65":0,"66":0,"67":0,"68":0,"69":0,"70":0,"71":0,"72":0,"73":0,"74":0},"f":{"0":0,"1":0,"2":0,"3":0,"4":0,"5":0,"6":0,"7":0,"8":0,"9":0,"10":0,"11":0,"12":0,"13":0,"14":0},"b":{"0":[0],"1":[0],"2":[0,0],"3":[0,0],"4":[0,0],"5":[0],"6":[0],"7":[0,0],"8":[0,0],"9":[0,0],"10":[0,0],"11":[0,0],"12":[0,0],"13":[0],"14":[0],"15":[0,0],"16":[0,0],"17":[0,0],"18":[0,0]}}
,"/Users/kin/Code/bet-analysis/src/v2/automation/automation.controller.ts": {"path":"/Users/kin/Code/bet-analysis/src/v2/automation/automation.controller.ts","statementMap":{"0":{"start":{"line":1,"column":0},"end":{"line":1,"column":55}},"1":{"start":{"line":2,"column":0},"end":{"line":2,"column":60}},"2":{"start":{"line":5,"column":7},"end":{"line":165,"column":null}},"3":{"start":{"line":7,"column":21},"end":{"line":7,"column":38}},"4":{"start":{"line":12,"column":29},"end":{"line":12,"column":77}},"5":{"start":{"line":13,"column":21},"end":{"line":13,"column":61}},"6":{"start":{"line":15,"column":4},"end":{"line":22,"column":6}},"7":{"start":{"line":26,"column":4},"end":{"line":31,"column":5}},"8":{"start":{"line":27,"column":19},"end":{"line":27,"column":64}},"9":{"start":{"line":28,"column":6},"end":{"line":28,"column":50}},"10":{"start":{"line":30,"column":6},"end":{"line":30,"column":18}},"11":{"start":{"line":36,"column":21},"end":{"line":36,"column":61}},"12":{"start":{"line":37,"column":4},"end":{"line":43,"column":6}},"13":{"start":{"line":48,"column":21},"end":{"line":48,"column":61}},"14":{"start":{"line":49,"column":16},"end":{"line":49,"column":26}},"15":{"start":{"line":52,"column":27},"end":{"line":57,"column":12}},"16":{"start":{"line":53,"column":22},"end":{"line":53,"column":51}},"17":{"start":{"line":54,"column":23},"end":{"line":54,"column":56}},"18":{"start":{"line":55,"column":34},"end":{"line":55,"column":56}},"19":{"start":{"line":56,"column":6},"end":{"line":56,"column":67}},"20":{"start":{"line":59,"column":4},"end":{"line":62,"column":6}},"21":{"start":{"line":68,"column":4},"end":{"line":71,"column":8}},"22":{"start":{"line":73,"column":21},"end":{"line":73,"column":61}},"23":{"start":{"line":74,"column":4},"end":{"line":78,"column":6}},"24":{"start":{"line":85,"column":4},"end":{"line":88,"column":8}},"25":{"start":{"line":89,"column":4},"end":{"line":89,"column":102}},"26":{"start":{"line":95,"column":29},"end":{"line":95,"column":77}},"27":{"start":{"line":96,"column":4},"end":{"line":96,"column":72}},"28":{"start":{"line":102,"column":4},"end":{"line":105,"column":8}},"29":{"start":{"line":106,"column":4},"end":{"line":106,"column":117}},"30":{"start":{"line":112,"column":4},"end":{"line":115,"column":8}},"31":{"start":{"line":116,"column":4},"end":{"line":116,"column":122}},"32":{"start":{"line":122,"column":4},"end":{"line":125,"column":8}},"33":{"start":{"line":126,"column":4},"end":{"line":126,"column":123}},"34":{"start":{"line":132,"column":4},"end":{"line":135,"column":8}},"35":{"start":{"line":136,"column":4},"end":{"line":136,"column":119}},"36":{"start":{"line":142,"column":23},"end":{"line":142,"column":64}},"37":{"start":{"line":143,"column":23},"end":{"line":143,"column":64}},"38":{"start":{"line":145,"column":4},"end":{"line":149,"column":6}},"39":{"start":{"line":155,"column":23},"end":{"line":155,"column":64}},"40":{"start":{"line":156,"column":17},"end":{"line":156,"column":51}},"41":{"start":{"line":158,"column":4},"end":{"line":163,"column":6}},"42":{"start":{"line":5,"column":13},"end":{"line":5,"column":33}},"43":{"start":{"line":11,"column":8},"end":{"line":23,"column":null}},"44":{"start":{"line":35,"column":8},"end":{"line":44,"column":null}},"45":{"start":{"line":47,"column":8},"end":{"line":63,"column":null}},"46":{"start":{"line":66,"column":8},"end":{"line":79,"column":null}},"47":{"start":{"line":83,"column":8},"end":{"line":90,"column":null}},"48":{"start":{"line":94,"column":8},"end":{"line":97,"column":null}},"49":{"start":{"line":100,"column":8},"end":{"line":107,"column":null}},"50":{"start":{"line":110,"column":8},"end":{"line":117,"column":null}},"51":{"start":{"line":120,"column":8},"end":{"line":127,"column":null}},"52":{"start":{"line":130,"column":8},"end":{"line":137,"column":null}},"53":{"start":{"line":140,"column":8},"end":{"line":150,"column":null}},"54":{"start":{"line":153,"column":8},"end":{"line":164,"column":null}},"55":{"start":{"line":5,"column":13},"end":{"line":165,"column":null}}},"fnMap":{"0":{"name":"(anonymous_2)","decl":{"start":{"line":6,"column":2},"end":{"line":6,"column":null}},"loc":{"start":{"line":7,"column":53},"end":{"line":8,"column":6}}},"1":{"name":"(anonymous_3)","decl":{"start":{"line":11,"column":2},"end":{"line":11,"column":7}},"loc":{"start":{"line":11,"column":27},"end":{"line":23,"column":3}}},"2":{"name":"(anonymous_4)","decl":{"start":{"line":25,"column":10},"end":{"line":25,"column":15}},"loc":{"start":{"line":25,"column":44},"end":{"line":32,"column":3}}},"3":{"name":"(anonymous_5)","decl":{"start":{"line":35,"column":2},"end":{"line":35,"column":7}},"loc":{"start":{"line":35,"column":25},"end":{"line":44,"column":3}}},"4":{"name":"(anonymous_6)","decl":{"start":{"line":47,"column":2},"end":{"line":47,"column":7}},"loc":{"start":{"line":47,"column":24},"end":{"line":63,"column":3}}},"5":{"name":"(anonymous_7)","decl":{"start":{"line":52,"column":44},"end":{"line":52,"column":45}},"loc":{"start":{"line":52,"column":61},"end":{"line":57,"column":5}}},"6":{"name":"(anonymous_8)","decl":{"start":{"line":66,"column":2},"end":{"line":66,"column":7}},"loc":{"start":{"line":66,"column":23},"end":{"line":79,"column":3}}},"7":{"name":"(anonymous_9)","decl":{"start":{"line":83,"column":2},"end":{"line":83,"column":7}},"loc":{"start":{"line":83,"column":21},"end":{"line":90,"column":3}}},"8":{"name":"(anonymous_10)","decl":{"start":{"line":94,"column":2},"end":{"line":94,"column":7}},"loc":{"start":{"line":94,"column":31},"end":{"line":97,"column":3}}},"9":{"name":"(anonymous_11)","decl":{"start":{"line":100,"column":2},"end":{"line":100,"column":7}},"loc":{"start":{"line":100,"column":22},"end":{"line":107,"column":3}}},"10":{"name":"(anonymous_12)","decl":{"start":{"line":110,"column":2},"end":{"line":110,"column":7}},"loc":{"start":{"line":110,"column":27},"end":{"line":117,"column":3}}},"11":{"name":"(anonymous_13)","decl":{"start":{"line":120,"column":2},"end":{"line":120,"column":7}},"loc":{"start":{"line":120,"column":28},"end":{"line":127,"column":3}}},"12":{"name":"(anonymous_14)","decl":{"start":{"line":130,"column":2},"end":{"line":130,"column":7}},"loc":{"start":{"line":130,"column":24},"end":{"line":137,"column":3}}},"13":{"name":"(anonymous_15)","decl":{"start":{"line":140,"column":2},"end":{"line":140,"column":7}},"loc":{"start":{"line":140,"column":27},"end":{"line":150,"column":3}}},"14":{"name":"(anonymous_16)","decl":{"start":{"line":153,"column":2},"end":{"line":153,"column":7}},"loc":{"start":{"line":153,"column":25},"end":{"line":164,"column":3}}}},"branchMap":{"0":{"loc":{"start":{"line":17,"column":20},"end":{"line":17,"column":80}},"type":"binary-expr","locations":[{"start":{"line":17,"column":20},"end":{"line":17,"column":36}},{"start":{"line":17,"column":40},"end":{"line":17,"column":80}}]},"1":{"loc":{"start":{"line":19,"column":15},"end":{"line":19,"column":36}},"type":"binary-expr","locations":[{"start":{"line":19,"column":15},"end":{"line":19,"column":31}},{"start":{"line":19,"column":35},"end":{"line":19,"column":36}}]},"2":{"loc":{"start":{"line":20,"column":16},"end":{"line":20,"column":63}},"type":"cond-expr","locations":[{"start":{"line":20,"column":39},"end":{"line":20,"column":47}},{"start":{"line":20,"column":50},"end":{"line":20,"column":63}}]},"3":{"loc":{"start":{"line":28,"column":13},"end":{"line":28,"column":49}},"type":"cond-expr","locations":[{"start":{"line":28,"column":35},"end":{"line":28,"column":42}},{"start":{"line":28,"column":45},"end":{"line":28,"column":49}}]},"4":{"loc":{"start":{"line":38,"column":16},"end":{"line":38,"column":30}},"type":"binary-expr","locations":[{"start":{"line":38,"column":16},"end":{"line":38,"column":24}},{"start":{"line":38,"column":28},"end":{"line":38,"column":30}}]},"5":{"loc":{"start":{"line":40,"column":15},"end":{"line":40,"column":36}},"type":"binary-expr","locations":[{"start":{"line":40,"column":15},"end":{"line":40,"column":31}},{"start":{"line":40,"column":35},"end":{"line":40,"column":36}}]},"6":{"loc":{"start":{"line":52,"column":27},"end":{"line":57,"column":12}},"type":"binary-expr","locations":[{"start":{"line":52,"column":27},"end":{"line":57,"column":6}},{"start":{"line":57,"column":10},"end":{"line":57,"column":12}}]},"7":{"loc":{"start":{"line":56,"column":13},"end":{"line":56,"column":66}},"type":"binary-expr","locations":[{"start":{"line":56,"column":13},"end":{"line":56,"column":37}},{"start":{"line":56,"column":41},"end":{"line":56,"column":66}}]},"8":{"loc":{"start":{"line":76,"column":13},"end":{"line":76,"column":34}},"type":"binary-expr","locations":[{"start":{"line":76,"column":13},"end":{"line":76,"column":29}},{"start":{"line":76,"column":33},"end":{"line":76,"column":34}}]},"9":{"loc":{"start":{"line":77,"column":16},"end":{"line":77,"column":30}},"type":"binary-expr","locations":[{"start":{"line":77,"column":16},"end":{"line":77,"column":24}},{"start":{"line":77,"column":28},"end":{"line":77,"column":30}}]},"10":{"loc":{"start":{"line":96,"column":11},"end":{"line":96,"column":71}},"type":"binary-expr","locations":[{"start":{"line":96,"column":11},"end":{"line":96,"column":27}},{"start":{"line":96,"column":31},"end":{"line":96,"column":71}}]},"11":{"loc":{"start":{"line":146,"column":18},"end":{"line":146,"column":34}},"type":"binary-expr","locations":[{"start":{"line":146,"column":18},"end":{"line":146,"column":28}},{"start":{"line":146,"column":32},"end":{"line":146,"column":34}}]},"12":{"loc":{"start":{"line":147,"column":18},"end":{"line":147,"column":34}},"type":"binary-expr","locations":[{"start":{"line":147,"column":18},"end":{"line":147,"column":28}},{"start":{"line":147,"column":32},"end":{"line":147,"column":34}}]},"13":{"loc":{"start":{"line":159,"column":18},"end":{"line":159,"column":67}},"type":"cond-expr","locations":[{"start":{"line":159,"column":46},"end":{"line":159,"column":63}},{"start":{"line":159,"column":66},"end":{"line":159,"column":67}}]},"14":{"loc":{"start":{"line":160,"column":12},"end":{"line":160,"column":49}},"type":"cond-expr","locations":[{"start":{"line":160,"column":34},"end":{"line":160,"column":45}},{"start":{"line":160,"column":48},"end":{"line":160,"column":49}}]}},"s":{"0":0,"1":0,"2":0,"3":0,"4":0,"5":0,"6":0,"7":0,"8":0,"9":0,"10":0,"11":0,"12":0,"13":0,"14":0,"15":0,"16":0,"17":0,"18":0,"19":0,"20":0,"21":0,"22":0,"23":0,"24":0,"25":0,"26":0,"27":0,"28":0,"29":0,"30":0,"31":0,"32":0,"33":0,"34":0,"35":0,"36":0,"37":0,"38":0,"39":0,"40":0,"41":0,"42":0,"43":0,"44":0,"45":0,"46":0,"47":0,"48":0,"49":0,"50":0,"51":0,"52":0,"53":0,"54":0,"55":0},"f":{"0":0,"1":0,"2":0,"3":0,"4":0,"5":0,"6":0,"7":0,"8":0,"9":0,"10":0,"11":0,"12":0,"13":0,"14":0},"b":{"0":[0,0],"1":[0,0],"2":[0,0],"3":[0,0],"4":[0,0],"5":[0,0],"6":[0,0],"7":[0,0],"8":[0,0],"9":[0,0],"10":[0,0],"11":[0,0],"12":[0,0],"13":[0,0],"14":[0,0]}}
,"/Users/kin/Code/bet-analysis/src/v2/automation/mock-automation-orchestrator.service.ts": {"path":"/Users/kin/Code/bet-analysis/src/v2/automation/mock-automation-orchestrator.service.ts","statementMap":{"0":{"start":{"line":1,"column":0},"end":{"line":1,"column":44}},"1":{"start":{"line":2,"column":0},"end":{"line":2,"column":47}},"2":{"start":{"line":3,"column":0},"end":{"line":3,"column":60}},"3":{"start":{"line":4,"column":0},"end":{"line":4,"column":37}},"4":{"start":{"line":7,"column":7},"end":{"line":171,"column":null}},"5":{"start":{"line":12,"column":21},"end":{"line":12,"column":36}},"6":{"start":{"line":13,"column":21},"end":{"line":13,"column":38}},"7":{"start":{"line":8,"column":10},"end":{"line":8,"column":28}},"8":{"start":{"line":17,"column":4},"end":{"line":17,"column":107}},"9":{"start":{"line":18,"column":4},"end":{"line":18,"column":28}},"10":{"start":{"line":22,"column":4},"end":{"line":24,"column":5}},"11":{"start":{"line":23,"column":6},"end":{"line":23,"column":37}},"12":{"start":{"line":25,"column":4},"end":{"line":25,"column":26}},"13":{"start":{"line":30,"column":4},"end":{"line":30,"column":65}},"14":{"start":{"line":31,"column":4},"end":{"line":36,"column":7}},"15":{"start":{"line":32,"column":6},"end":{"line":32,"column":80}},"16":{"start":{"line":33,"column":6},"end":{"line":35,"column":7}},"17":{"start":{"line":34,"column":8},"end":{"line":34,"column":47}},"18":{"start":{"line":40,"column":4},"end":{"line":68,"column":5}},"19":{"start":{"line":41,"column":23},"end":{"line":41,"column":63}},"20":{"start":{"line":42,"column":18},"end":{"line":42,"column":28}},"21":{"start":{"line":45,"column":35},"end":{"line":50,"column":8}},"22":{"start":{"line":46,"column":24},"end":{"line":46,"column":53}},"23":{"start":{"line":47,"column":25},"end":{"line":47,"column":58}},"24":{"start":{"line":48,"column":36},"end":{"line":48,"column":58}},"25":{"start":{"line":49,"column":8},"end":{"line":49,"column":69}},"26":{"start":{"line":52,"column":6},"end":{"line":65,"column":7}},"27":{"start":{"line":53,"column":8},"end":{"line":53,"column":109}},"28":{"start":{"line":55,"column":8},"end":{"line":64,"column":9}},"29":{"start":{"line":57,"column":36},"end":{"line":61,"column":12}},"30":{"start":{"line":63,"column":10},"end":{"line":63,"column":95}},"31":{"start":{"line":67,"column":6},"end":{"line":67,"column":70}},"32":{"start":{"line":75,"column":4},"end":{"line":78,"column":5}},"33":{"start":{"line":76,"column":6},"end":{"line":76,"column":51}},"34":{"start":{"line":77,"column":6},"end":{"line":77,"column":13}},"35":{"start":{"line":80,"column":4},"end":{"line":80,"column":26}},"36":{"start":{"line":81,"column":4},"end":{"line":81,"column":73}},"37":{"start":{"line":83,"column":4},"end":{"line":97,"column":5}},"38":{"start":{"line":85,"column":6},"end":{"line":89,"column":10}},"39":{"start":{"line":92,"column":6},"end":{"line":92,"column":45}},"40":{"start":{"line":95,"column":6},"end":{"line":95,"column":59}},"41":{"start":{"line":96,"column":6},"end":{"line":96,"column":29}},"42":{"start":{"line":104,"column":4},"end":{"line":104,"column":27}},"43":{"start":{"line":105,"column":4},"end":{"line":105,"column":49}},"44":{"start":{"line":107,"column":4},"end":{"line":116,"column":5}},"45":{"start":{"line":109,"column":6},"end":{"line":113,"column":10}},"46":{"start":{"line":115,"column":6},"end":{"line":115,"column":66}},"47":{"start":{"line":123,"column":4},"end":{"line":123,"column":41}},"48":{"start":{"line":130,"column":4},"end":{"line":130,"column":28}},"49":{"start":{"line":137,"column":4},"end":{"line":137,"column":73}},"50":{"start":{"line":145,"column":4},"end":{"line":145,"column":32}},"51":{"start":{"line":152,"column":4},"end":{"line":152,"column":33}},"52":{"start":{"line":159,"column":4},"end":{"line":159,"column":32}},"53":{"start":{"line":160,"column":4},"end":{"line":160,"column":60}},"54":{"start":{"line":162,"column":4},"end":{"line":168,"column":5}},"55":{"start":{"line":164,"column":6},"end":{"line":164,"column":74}},"56":{"start":{"line":165,"column":6},"end":{"line":165,"column":73}},"57":{"start":{"line":167,"column":6},"end":{"line":167,"column":63}},"58":{"start":{"line":7,"column":13},"end":{"line":7,"column":46}},"59":{"start":{"line":7,"column":13},"end":{"line":171,"column":null}}},"fnMap":{"0":{"name":"(anonymous_11)","decl":{"start":{"line":11,"column":2},"end":{"line":11,"column":null}},"loc":{"start":{"line":13,"column":53},"end":{"line":14,"column":6}}},"1":{"name":"(anonymous_12)","decl":{"start":{"line":16,"column":2},"end":{"line":16,"column":7}},"loc":{"start":{"line":16,"column":20},"end":{"line":19,"column":3}}},"2":{"name":"(anonymous_13)","decl":{"start":{"line":21,"column":2},"end":{"line":21,"column":7}},"loc":{"start":{"line":21,"column":23},"end":{"line":26,"column":3}}},"3":{"name":"(anonymous_14)","decl":{"start":{"line":28,"column":10},"end":{"line":28,"column":26}},"loc":{"start":{"line":28,"column":26},"end":{"line":37,"column":3}}},"4":{"name":"(anonymous_15)","decl":{"start":{"line":31,"column":34},"end":{"line":31,"column":39}},"loc":{"start":{"line":31,"column":45},"end":{"line":36,"column":5}}},"5":{"name":"(anonymous_16)","decl":{"start":{"line":39,"column":10},"end":{"line":39,"column":15}},"loc":{"start":{"line":39,"column":41},"end":{"line":69,"column":3}}},"6":{"name":"(anonymous_17)","decl":{"start":{"line":45,"column":51},"end":{"line":45,"column":52}},"loc":{"start":{"line":45,"column":68},"end":{"line":50,"column":7}}},"7":{"name":"(anonymous_18)","decl":{"start":{"line":74,"column":2},"end":{"line":74,"column":7}},"loc":{"start":{"line":74,"column":23},"end":{"line":98,"column":3}}},"8":{"name":"(anonymous_19)","decl":{"start":{"line":103,"column":2},"end":{"line":103,"column":7}},"loc":{"start":{"line":103,"column":22},"end":{"line":117,"column":3}}},"9":{"name":"(anonymous_20)","decl":{"start":{"line":122,"column":2},"end":{"line":122,"column":11}},"loc":{"start":{"line":122,"column":11},"end":{"line":124,"column":3}}},"10":{"name":"(anonymous_21)","decl":{"start":{"line":129,"column":2},"end":{"line":129,"column":21}},"loc":{"start":{"line":129,"column":21},"end":{"line":131,"column":3}}},"11":{"name":"(anonymous_22)","decl":{"start":{"line":136,"column":2},"end":{"line":136,"column":7}},"loc":{"start":{"line":136,"column":21},"end":{"line":139,"column":3}}},"12":{"name":"(anonymous_23)","decl":{"start":{"line":144,"column":2},"end":{"line":144,"column":7}},"loc":{"start":{"line":144,"column":23},"end":{"line":146,"column":3}}},"13":{"name":"(anonymous_24)","decl":{"start":{"line":151,"column":2},"end":{"line":151,"column":7}},"loc":{"start":{"line":151,"column":24},"end":{"line":153,"column":3}}},"14":{"name":"(anonymous_25)","decl":{"start":{"line":158,"column":2},"end":{"line":158,"column":7}},"loc":{"start":{"line":158,"column":20},"end":{"line":169,"column":3}}}},"branchMap":{"0":{"loc":{"start":{"line":22,"column":4},"end":{"line":24,"column":5}},"type":"if","locations":[{"start":{"line":22,"column":4},"end":{"line":24,"column":5}}]},"1":{"loc":{"start":{"line":33,"column":6},"end":{"line":35,"column":7}},"type":"if","locations":[{"start":{"line":33,"column":6},"end":{"line":35,"column":7}}]},"2":{"loc":{"start":{"line":49,"column":15},"end":{"line":49,"column":68}},"type":"binary-expr","locations":[{"start":{"line":49,"column":15},"end":{"line":49,"column":39}},{"start":{"line":49,"column":43},"end":{"line":49,"column":68}}]},"3":{"loc":{"start":{"line":52,"column":6},"end":{"line":65,"column":7}},"type":"if","locations":[{"start":{"line":52,"column":6},"end":{"line":65,"column":7}}]},"4":{"loc":{"start":{"line":75,"column":4},"end":{"line":78,"column":5}},"type":"if","locations":[{"start":{"line":75,"column":4},"end":{"line":78,"column":5}}]}},"s":{"0":0,"1":0,"2":0,"3":0,"4":0,"5":0,"6":0,"7":0,"8":0,"9":0,"10":0,"11":0,"12":0,"13":0,"14":0,"15":0,"16":0,"17":0,"18":0,"19":0,"20":0,"21":0,"22":0,"23":0,"24":0,"25":0,"26":0,"27":0,"28":0,"29":0,"30":0,"31":0,"32":0,"33":0,"34":0,"35":0,"36":0,"37":0,"38":0,"39":0,"40":0,"41":0,"42":0,"43":0,"44":0,"45":0,"46":0,"47":0,"48":0,"49":0,"50":0,"51":0,"52":0,"53":0,"54":0,"55":0,"56":0,"57":0,"58":0,"59":0},"f":{"0":0,"1":0,"2":0,"3":0,"4":0,"5":0,"6":0,"7":0,"8":0,"9":0,"10":0,"11":0,"12":0,"13":0,"14":0},"b":{"0":[0],"1":[0],"2":[0,0],"3":[0],"4":[0]}}
,"/Users/kin/Code/bet-analysis/src/v2/core/betting-history.service.ts": {"path":"/Users/kin/Code/bet-analysis/src/v2/core/betting-history.service.ts","statementMap":{"0":{"start":{"line":1,"column":0},"end":{"line":1,"column":44}},"1":{"start":{"line":2,"column":0},"end":{"line":2,"column":25}},"2":{"start":{"line":3,"column":0},"end":{"line":3,"column":29}},"3":{"start":{"line":4,"column":0},"end":{"line":4,"column":54}},"4":{"start":{"line":43,"column":7},"end":{"line":331,"column":null}},"5":{"start":{"line":51,"column":31},"end":{"line":51,"column":48}},"6":{"start":{"line":44,"column":19},"end":{"line":44,"column":68}},"7":{"start":{"line":45,"column":19},"end":{"line":45,"column":78}},"8":{"start":{"line":46,"column":19},"end":{"line":46,"column":76}},"9":{"start":{"line":47,"column":19},"end":{"line":47,"column":76}},"10":{"start":{"line":49,"column":10},"end":{"line":49,"column":55}},"11":{"start":{"line":52,"column":4},"end":{"line":52,"column":31}},"12":{"start":{"line":53,"column":4},"end":{"line":53,"column":30}},"13":{"start":{"line":60,"column":4},"end":{"line":62,"column":5}},"14":{"start":{"line":61,"column":6},"end":{"line":61,"column":31}},"15":{"start":{"line":64,"column":4},"end":{"line":74,"column":6}},"16":{"start":{"line":76,"column":4},"end":{"line":76,"column":23}},"17":{"start":{"line":77,"column":4},"end":{"line":77,"column":84}},"18":{"start":{"line":78,"column":4},"end":{"line":78,"column":31}},"19":{"start":{"line":85,"column":4},"end":{"line":87,"column":5}},"20":{"start":{"line":86,"column":6},"end":{"line":86,"column":29}},"21":{"start":{"line":90,"column":4},"end":{"line":90,"column":42}},"22":{"start":{"line":93,"column":4},"end":{"line":97,"column":5}},"23":{"start":{"line":94,"column":6},"end":{"line":94,"column":38}},"24":{"start":{"line":95,"column":6},"end":{"line":95,"column":60}},"25":{"start":{"line":96,"column":6},"end":{"line":96,"column":25}},"26":{"start":{"line":99,"column":4},"end":{"line":99,"column":72}},"27":{"start":{"line":107,"column":27},"end":{"line":107,"column":52}},"28":{"start":{"line":108,"column":22},"end":{"line":108,"column":87}},"29":{"start":{"line":108,"column":51},"end":{"line":108,"column":86}},"30":{"start":{"line":111,"column":4},"end":{"line":113,"column":7}},"31":{"start":{"line":112,"column":6},"end":{"line":112,"column":59}},"32":{"start":{"line":116,"column":4},"end":{"line":116,"column":38}},"33":{"start":{"line":118,"column":4},"end":{"line":118,"column":119}},"34":{"start":{"line":125,"column":4},"end":{"line":125,"column":31}},"35":{"start":{"line":132,"column":4},"end":{"line":132,"column":37}},"36":{"start":{"line":139,"column":4},"end":{"line":139,"column":76}},"37":{"start":{"line":139,"column":51},"end":{"line":139,"column":74}},"38":{"start":{"line":146,"column":20},"end":{"line":146,"column":44}},"39":{"start":{"line":147,"column":20},"end":{"line":147,"column":47}},"40":{"start":{"line":149,"column":4},"end":{"line":162,"column":6}},"41":{"start":{"line":169,"column":20},"end":{"line":169,"column":44}},"42":{"start":{"line":170,"column":20},"end":{"line":170,"column":47}},"43":{"start":{"line":172,"column":4},"end":{"line":180,"column":5}},"44":{"start":{"line":173,"column":6},"end":{"line":179,"column":8}},"45":{"start":{"line":182,"column":26},"end":{"line":182,"column":73}},"46":{"start":{"line":182,"column":48},"end":{"line":182,"column":72}},"47":{"start":{"line":183,"column":20},"end":{"line":183,"column":69}},"48":{"start":{"line":183,"column":48},"end":{"line":183,"column":68}},"49":{"start":{"line":185,"column":4},"end":{"line":191,"column":6}},"50":{"start":{"line":186,"column":40},"end":{"line":186,"column":64}},"51":{"start":{"line":198,"column":4},"end":{"line":207,"column":5}},"52":{"start":{"line":199,"column":6},"end":{"line":199,"column":22}},"53":{"start":{"line":200,"column":6},"end":{"line":200,"column":17}},"54":{"start":{"line":201,"column":11},"end":{"line":207,"column":5}},"55":{"start":{"line":202,"column":6},"end":{"line":202,"column":21}},"56":{"start":{"line":203,"column":6},"end":{"line":203,"column":42}},"57":{"start":{"line":205,"column":6},"end":{"line":205,"column":22}},"58":{"start":{"line":206,"column":6},"end":{"line":206,"column":26}},"59":{"start":{"line":209,"column":4},"end":{"line":209,"column":24}},"60":{"start":{"line":210,"column":4},"end":{"line":210,"column":24}},"61":{"start":{"line":211,"column":4},"end":{"line":211,"column":65}},"62":{"start":{"line":214,"column":4},"end":{"line":228,"column":5}},"63":{"start":{"line":215,"column":6},"end":{"line":215,"column":48}},"64":{"start":{"line":218,"column":28},"end":{"line":218,"column":89}},"65":{"start":{"line":218,"column":66},"end":{"line":218,"column":88}},"66":{"start":{"line":219,"column":22},"end":{"line":219,"column":67}},"67":{"start":{"line":219,"column":48},"end":{"line":219,"column":66}},"68":{"start":{"line":221,"column":6},"end":{"line":222,"column":58}},"69":{"start":{"line":224,"column":6},"end":{"line":225,"column":85}},"70":{"start":{"line":227,"column":6},"end":{"line":227,"column":25}},"71":{"start":{"line":230,"column":4},"end":{"line":230,"column":32}},"72":{"start":{"line":234,"column":4},"end":{"line":239,"column":5}},"73":{"start":{"line":235,"column":6},"end":{"line":235,"column":47}},"74":{"start":{"line":236,"column":6},"end":{"line":236,"column":47}},"75":{"start":{"line":237,"column":6},"end":{"line":237,"column":25}},"76":{"start":{"line":238,"column":6},"end":{"line":238,"column":80}},"77":{"start":{"line":243,"column":4},"end":{"line":245,"column":5}},"78":{"start":{"line":244,"column":6},"end":{"line":244,"column":54}},"79":{"start":{"line":249,"column":4},"end":{"line":257,"column":5}},"80":{"start":{"line":250,"column":6},"end":{"line":253,"column":7}},"81":{"start":{"line":251,"column":25},"end":{"line":251,"column":79}},"82":{"start":{"line":252,"column":8},"end":{"line":252,"column":98}},"83":{"start":{"line":252,"column":67},"end":{"line":252,"column":88}},"84":{"start":{"line":255,"column":6},"end":{"line":255,"column":61}},"85":{"start":{"line":256,"column":6},"end":{"line":256,"column":33}},"86":{"start":{"line":261,"column":4},"end":{"line":280,"column":5}},"87":{"start":{"line":262,"column":39},"end":{"line":262,"column":41}},"88":{"start":{"line":264,"column":6},"end":{"line":266,"column":7}},"89":{"start":{"line":265,"column":8},"end":{"line":265,"column":74}},"90":{"start":{"line":268,"column":6},"end":{"line":277,"column":7}},"91":{"start":{"line":269,"column":30},"end":{"line":269,"column":101}},"92":{"start":{"line":269,"column":54},"end":{"line":269,"column":100}},"93":{"start":{"line":270,"column":8},"end":{"line":274,"column":9}},"94":{"start":{"line":271,"column":10},"end":{"line":271,"column":56}},"95":{"start":{"line":273,"column":10},"end":{"line":273,"column":45}},"96":{"start":{"line":276,"column":8},"end":{"line":276,"column":79}},"97":{"start":{"line":279,"column":6},"end":{"line":279,"column":52}},"98":{"start":{"line":284,"column":4},"end":{"line":290,"column":5}},"99":{"start":{"line":285,"column":6},"end":{"line":287,"column":7}},"100":{"start":{"line":286,"column":8},"end":{"line":286,"column":69}},"101":{"start":{"line":289,"column":6},"end":{"line":289,"column":61}},"102":{"start":{"line":291,"column":4},"end":{"line":291,"column":14}},"103":{"start":{"line":295,"column":4},"end":{"line":308,"column":5}},"104":{"start":{"line":296,"column":20},"end":{"line":296,"column":45}},"105":{"start":{"line":298,"column":28},"end":{"line":298,"column":76}},"106":{"start":{"line":298,"column":51},"end":{"line":298,"column":75}},"107":{"start":{"line":299,"column":6},"end":{"line":303,"column":7}},"108":{"start":{"line":300,"column":8},"end":{"line":300,"column":40}},"109":{"start":{"line":302,"column":8},"end":{"line":302,"column":29}},"110":{"start":{"line":305,"column":6},"end":{"line":305,"column":75}},"111":{"start":{"line":307,"column":6},"end":{"line":307,"column":59}},"112":{"start":{"line":312,"column":4},"end":{"line":329,"column":5}},"113":{"start":{"line":313,"column":35},"end":{"line":313,"column":37}},"114":{"start":{"line":315,"column":6},"end":{"line":317,"column":7}},"115":{"start":{"line":316,"column":8},"end":{"line":316,"column":72}},"116":{"start":{"line":319,"column":28},"end":{"line":319,"column":80}},"117":{"start":{"line":319,"column":51},"end":{"line":319,"column":79}},"118":{"start":{"line":320,"column":6},"end":{"line":324,"column":7}},"119":{"start":{"line":321,"column":8},"end":{"line":321,"column":40}},"120":{"start":{"line":323,"column":8},"end":{"line":323,"column":29}},"121":{"start":{"line":326,"column":6},"end":{"line":326,"column":75}},"122":{"start":{"line":328,"column":6},"end":{"line":328,"column":57}},"123":{"start":{"line":43,"column":13},"end":{"line":43,"column":34}},"124":{"start":{"line":43,"column":13},"end":{"line":331,"column":null}}},"fnMap":{"0":{"name":"(anonymous_11)","decl":{"start":{"line":51,"column":2},"end":{"line":51,"column":31}},"loc":{"start":{"line":51,"column":63},"end":{"line":54,"column":3}}},"1":{"name":"(anonymous_12)","decl":{"start":{"line":59,"column":2},"end":{"line":59,"column":17}},"loc":{"start":{"line":59,"column":17},"end":{"line":79,"column":3}}},"2":{"name":"(anonymous_13)","decl":{"start":{"line":84,"column":2},"end":{"line":84,"column":23}},"loc":{"start":{"line":84,"column":52},"end":{"line":100,"column":3}}},"3":{"name":"(anonymous_14)","decl":{"start":{"line":105,"column":2},"end":{"line":105,"column":19}},"loc":{"start":{"line":105,"column":44},"end":{"line":119,"column":3}}},"4":{"name":"(anonymous_15)","decl":{"start":{"line":108,"column":44},"end":{"line":108,"column":47}},"loc":{"start":{"line":108,"column":51},"end":{"line":108,"column":86}}},"5":{"name":"(anonymous_16)","decl":{"start":{"line":111,"column":22},"end":{"line":111,"column":25}},"loc":{"start":{"line":111,"column":28},"end":{"line":113,"column":5}}},"6":{"name":"(anonymous_17)","decl":{"start":{"line":124,"column":2},"end":{"line":124,"column":19}},"loc":{"start":{"line":124,"column":19},"end":{"line":126,"column":3}}},"7":{"name":"(anonymous_18)","decl":{"start":{"line":131,"column":2},"end":{"line":131,"column":22}},"loc":{"start":{"line":131,"column":22},"end":{"line":133,"column":3}}},"8":{"name":"(anonymous_19)","decl":{"start":{"line":138,"column":2},"end":{"line":138,"column":27}},"loc":{"start":{"line":138,"column":43},"end":{"line":140,"column":3}}},"9":{"name":"(anonymous_20)","decl":{"start":{"line":139,"column":44},"end":{"line":139,"column":47}},"loc":{"start":{"line":139,"column":51},"end":{"line":139,"column":74}}},"10":{"name":"(anonymous_21)","decl":{"start":{"line":145,"column":2},"end":{"line":145,"column":18}},"loc":{"start":{"line":145,"column":18},"end":{"line":163,"column":3}}},"11":{"name":"(anonymous_22)","decl":{"start":{"line":168,"column":2},"end":{"line":168,"column":19}},"loc":{"start":{"line":168,"column":19},"end":{"line":192,"column":3}}},"12":{"name":"(anonymous_23)","decl":{"start":{"line":182,"column":41},"end":{"line":182,"column":44}},"loc":{"start":{"line":182,"column":48},"end":{"line":182,"column":72}}},"13":{"name":"(anonymous_24)","decl":{"start":{"line":183,"column":41},"end":{"line":183,"column":44}},"loc":{"start":{"line":183,"column":48},"end":{"line":183,"column":68}}},"14":{"name":"(anonymous_25)","decl":{"start":{"line":186,"column":33},"end":{"line":186,"column":36}},"loc":{"start":{"line":186,"column":40},"end":{"line":186,"column":64}}},"15":{"name":"(anonymous_26)","decl":{"start":{"line":194,"column":10},"end":{"line":194,"column":39}},"loc":{"start":{"line":194,"column":79},"end":{"line":231,"column":3}}},"16":{"name":"(anonymous_27)","decl":{"start":{"line":218,"column":61},"end":{"line":218,"column":62}},"loc":{"start":{"line":218,"column":66},"end":{"line":218,"column":88}}},"17":{"name":"(anonymous_28)","decl":{"start":{"line":219,"column":43},"end":{"line":219,"column":44}},"loc":{"start":{"line":219,"column":48},"end":{"line":219,"column":66}}},"18":{"name":"(anonymous_29)","decl":{"start":{"line":233,"column":10},"end":{"line":233,"column":27}},"loc":{"start":{"line":233,"column":27},"end":{"line":240,"column":3}}},"19":{"name":"(anonymous_30)","decl":{"start":{"line":242,"column":10},"end":{"line":242,"column":29}},"loc":{"start":{"line":242,"column":29},"end":{"line":246,"column":3}}},"20":{"name":"(anonymous_31)","decl":{"start":{"line":248,"column":10},"end":{"line":248,"column":28}},"loc":{"start":{"line":248,"column":28},"end":{"line":258,"column":3}}},"21":{"name":"(anonymous_32)","decl":{"start":{"line":252,"column":44},"end":{"line":252,"column":45}},"loc":{"start":{"line":252,"column":67},"end":{"line":252,"column":88}}},"22":{"name":"(anonymous_33)","decl":{"start":{"line":260,"column":10},"end":{"line":260,"column":21}},"loc":{"start":{"line":260,"column":21},"end":{"line":281,"column":3}}},"23":{"name":"(anonymous_34)","decl":{"start":{"line":269,"column":49},"end":{"line":269,"column":50}},"loc":{"start":{"line":269,"column":54},"end":{"line":269,"column":100}}},"24":{"name":"(anonymous_35)","decl":{"start":{"line":283,"column":10},"end":{"line":283,"column":28}},"loc":{"start":{"line":283,"column":28},"end":{"line":292,"column":3}}},"25":{"name":"(anonymous_36)","decl":{"start":{"line":294,"column":10},"end":{"line":294,"column":27}},"loc":{"start":{"line":294,"column":49},"end":{"line":309,"column":3}}},"26":{"name":"(anonymous_37)","decl":{"start":{"line":298,"column":46},"end":{"line":298,"column":47}},"loc":{"start":{"line":298,"column":51},"end":{"line":298,"column":75}}},"27":{"name":"(anonymous_38)","decl":{"start":{"line":311,"column":10},"end":{"line":311,"column":25}},"loc":{"start":{"line":311,"column":45},"end":{"line":330,"column":3}}},"28":{"name":"(anonymous_39)","decl":{"start":{"line":319,"column":46},"end":{"line":319,"column":47}},"loc":{"start":{"line":319,"column":51},"end":{"line":319,"column":79}}}},"branchMap":{"0":{"loc":{"start":{"line":60,"column":4},"end":{"line":62,"column":5}},"type":"if","locations":[{"start":{"line":60,"column":4},"end":{"line":62,"column":5}}]},"1":{"loc":{"start":{"line":85,"column":4},"end":{"line":87,"column":5}},"type":"if","locations":[{"start":{"line":85,"column":4},"end":{"line":87,"column":5}}]},"2":{"loc":{"start":{"line":85,"column":8},"end":{"line":85,"column":71}},"type":"binary-expr","locations":[{"start":{"line":85,"column":8},"end":{"line":85,"column":28}},{"start":{"line":85,"column":32},"end":{"line":85,"column":71}}]},"3":{"loc":{"start":{"line":93,"column":4},"end":{"line":97,"column":5}},"type":"if","locations":[{"start":{"line":93,"column":4},"end":{"line":97,"column":5}}]},"4":{"loc":{"start":{"line":150,"column":15},"end":{"line":159,"column":null}},"type":"binary-expr","locations":[{"start":{"line":150,"column":15},"end":{"line":150,"column":22}},{"start":{"line":150,"column":26},"end":{"line":159,"column":null}}]},"5":{"loc":{"start":{"line":172,"column":4},"end":{"line":180,"column":5}},"type":"if","locations":[{"start":{"line":172,"column":4},"end":{"line":180,"column":5}}]},"6":{"loc":{"start":{"line":189,"column":15},"end":{"line":189,"column":91}},"type":"cond-expr","locations":[{"start":{"line":189,"column":42},"end":{"line":189,"column":87}},{"start":{"line":189,"column":90},"end":{"line":189,"column":91}}]},"7":{"loc":{"start":{"line":198,"column":4},"end":{"line":207,"column":5}},"type":"if","locations":[{"start":{"line":198,"column":4},"end":{"line":207,"column":5}},{"start":{"line":201,"column":11},"end":{"line":207,"column":5}}]},"8":{"loc":{"start":{"line":201,"column":11},"end":{"line":207,"column":5}},"type":"if","locations":[{"start":{"line":201,"column":11},"end":{"line":207,"column":5}},{"start":{"line":204,"column":11},"end":{"line":207,"column":5}}]},"9":{"loc":{"start":{"line":214,"column":4},"end":{"line":228,"column":5}},"type":"if","locations":[{"start":{"line":214,"column":4},"end":{"line":228,"column":5}}]},"10":{"loc":{"start":{"line":214,"column":8},"end":{"line":214,"column":70}},"type":"binary-expr","locations":[{"start":{"line":214,"column":8},"end":{"line":214,"column":27}},{"start":{"line":214,"column":31},"end":{"line":214,"column":70}}]},"11":{"loc":{"start":{"line":221,"column":36},"end":{"line":222,"column":57}},"type":"cond-expr","locations":[{"start":{"line":222,"column":8},"end":{"line":222,"column":53}},{"start":{"line":222,"column":56},"end":{"line":222,"column":57}}]},"12":{"loc":{"start":{"line":224,"column":32},"end":{"line":225,"column":84}},"type":"cond-expr","locations":[{"start":{"line":225,"column":8},"end":{"line":225,"column":80}},{"start":{"line":225,"column":83},"end":{"line":225,"column":84}}]},"13":{"loc":{"start":{"line":234,"column":4},"end":{"line":239,"column":5}},"type":"if","locations":[{"start":{"line":234,"column":4},"end":{"line":239,"column":5}}]},"14":{"loc":{"start":{"line":243,"column":4},"end":{"line":245,"column":5}},"type":"if","locations":[{"start":{"line":243,"column":4},"end":{"line":245,"column":5}}]},"15":{"loc":{"start":{"line":250,"column":6},"end":{"line":253,"column":7}},"type":"if","locations":[{"start":{"line":250,"column":6},"end":{"line":253,"column":7}}]},"16":{"loc":{"start":{"line":252,"column":30},"end":{"line":252,"column":97}},"type":"binary-expr","locations":[{"start":{"line":252,"column":30},"end":{"line":252,"column":89}},{"start":{"line":252,"column":93},"end":{"line":252,"column":97}}]},"17":{"loc":{"start":{"line":264,"column":6},"end":{"line":266,"column":7}},"type":"if","locations":[{"start":{"line":264,"column":6},"end":{"line":266,"column":7}}]},"18":{"loc":{"start":{"line":268,"column":6},"end":{"line":277,"column":7}},"type":"if","locations":[{"start":{"line":268,"column":6},"end":{"line":277,"column":7}}]},"19":{"loc":{"start":{"line":270,"column":8},"end":{"line":274,"column":9}},"type":"if","locations":[{"start":{"line":270,"column":8},"end":{"line":274,"column":9}},{"start":{"line":272,"column":15},"end":{"line":274,"column":9}}]},"20":{"loc":{"start":{"line":285,"column":6},"end":{"line":287,"column":7}},"type":"if","locations":[{"start":{"line":285,"column":6},"end":{"line":287,"column":7}}]},"21":{"loc":{"start":{"line":299,"column":6},"end":{"line":303,"column":7}},"type":"if","locations":[{"start":{"line":299,"column":6},"end":{"line":303,"column":7}},{"start":{"line":301,"column":13},"end":{"line":303,"column":7}}]},"22":{"loc":{"start":{"line":315,"column":6},"end":{"line":317,"column":7}},"type":"if","locations":[{"start":{"line":315,"column":6},"end":{"line":317,"column":7}}]},"23":{"loc":{"start":{"line":320,"column":6},"end":{"line":324,"column":7}},"type":"if","locations":[{"start":{"line":320,"column":6},"end":{"line":324,"column":7}},{"start":{"line":322,"column":13},"end":{"line":324,"column":7}}]}},"s":{"0":0,"1":0,"2":0,"3":0,"4":0,"5":0,"6":0,"7":0,"8":0,"9":0,"10":0,"11":0,"12":0,"13":0,"14":0,"15":0,"16":0,"17":0,"18":0,"19":0,"20":0,"21":0,"22":0,"23":0,"24":0,"25":0,"26":0,"27":0,"28":0,"29":0,"30":0,"31":0,"32":0,"33":0,"34":0,"35":0,"36":0,"37":0,"38":0,"39":0,"40":0,"41":0,"42":0,"43":0,"44":0,"45":0,"46":0,"47":0,"48":0,"49":0,"50":0,"51":0,"52":0,"53":0,"54":0,"55":0,"56":0,"57":0,"58":0,"59":0,"60":0,"61":0,"62":0,"63":0,"64":0,"65":0,"66":0,"67":0,"68":0,"69":0,"70":0,"71":0,"72":0,"73":0,"74":0,"75":0,"76":0,"77":0,"78":0,"79":0,"80":0,"81":0,"82":0,"83":0,"84":0,"85":0,"86":0,"87":0,"88":0,"89":0,"90":0,"91":0,"92":0,"93":0,"94":0,"95":0,"96":0,"97":0,"98":0,"99":0,"100":0,"101":0,"102":0,"103":0,"104":0,"105":0,"106":0,"107":0,"108":0,"109":0,"110":0,"111":0,"112":0,"113":0,"114":0,"115":0,"116":0,"117":0,"118":0,"119":0,"120":0,"121":0,"122":0,"123":0,"124":0},"f":{"0":0,"1":0,"2":0,"3":0,"4":0,"5":0,"6":0,"7":0,"8":0,"9":0,"10":0,"11":0,"12":0,"13":0,"14":0,"15":0,"16":0,"17":0,"18":0,"19":0,"20":0,"21":0,"22":0,"23":0,"24":0,"25":0,"26":0,"27":0,"28":0},"b":{"0":[0],"1":[0],"2":[0,0],"3":[0],"4":[0,0],"5":[0],"6":[0,0],"7":[0,0],"8":[0,0],"9":[0],"10":[0,0],"11":[0,0],"12":[0,0],"13":[0],"14":[0],"15":[0],"16":[0,0],"17":[0],"18":[0],"19":[0,0],"20":[0],"21":[0,0],"22":[0],"23":[0,0]}}
,"/Users/kin/Code/bet-analysis/src/v2/core/core.module.ts": {"path":"/Users/kin/Code/bet-analysis/src/v2/core/core.module.ts","statementMap":{"0":{"start":{"line":1,"column":0},"end":{"line":1,"column":40}},"1":{"start":{"line":2,"column":0},"end":{"line":2,"column":54}},"2":{"start":{"line":3,"column":0},"end":{"line":3,"column":60}},"3":{"start":{"line":15,"column":7},"end":{"line":15,"column":null}},"4":{"start":{"line":15,"column":13},"end":{"line":15,"column":23}},"5":{"start":{"line":15,"column":13},"end":{"line":15,"column":null}}},"fnMap":{},"branchMap":{},"s":{"0":0,"1":0,"2":0,"3":0,"4":0,"5":0},"f":{},"b":{}}
,"/Users/kin/Code/bet-analysis/src/v2/core/data-file.service.ts": {"path":"/Users/kin/Code/bet-analysis/src/v2/core/data-file.service.ts","statementMap":{"0":{"start":{"line":1,"column":0},"end":{"line":1,"column":44}},"1":{"start":{"line":2,"column":0},"end":{"line":2,"column":36}},"2":{"start":{"line":3,"column":0},"end":{"line":3,"column":29}},"3":{"start":{"line":6,"column":7},"end":{"line":120,"column":null}},"4":{"start":{"line":7,"column":19},"end":{"line":7,"column":69}},"5":{"start":{"line":10,"column":4},"end":{"line":17,"column":5}},"6":{"start":{"line":11,"column":23},"end":{"line":11,"column":57}},"7":{"start":{"line":12,"column":19},"end":{"line":12,"column":55}},"8":{"start":{"line":13,"column":6},"end":{"line":13,"column":37}},"9":{"start":{"line":15,"column":6},"end":{"line":15,"column":94}},"10":{"start":{"line":16,"column":6},"end":{"line":16,"column":16}},"11":{"start":{"line":21,"column":4},"end":{"line":27,"column":5}},"12":{"start":{"line":22,"column":23},"end":{"line":22,"column":57}},"13":{"start":{"line":23,"column":6},"end":{"line":23,"column":66}},"14":{"start":{"line":24,"column":6},"end":{"line":24,"column":85}},"15":{"start":{"line":26,"column":6},"end":{"line":26,"column":95}},"16":{"start":{"line":31,"column":4},"end":{"line":37,"column":5}},"17":{"start":{"line":32,"column":23},"end":{"line":32,"column":55}},"18":{"start":{"line":33,"column":6},"end":{"line":33,"column":28}},"19":{"start":{"line":34,"column":6},"end":{"line":34,"column":47}},"20":{"start":{"line":36,"column":6},"end":{"line":36,"column":99}},"21":{"start":{"line":41,"column":21},"end":{"line":45,"column":6}},"22":{"start":{"line":47,"column":4},"end":{"line":54,"column":5}},"23":{"start":{"line":48,"column":23},"end":{"line":48,"column":59}},"24":{"start":{"line":49,"column":6},"end":{"line":49,"column":30}},"25":{"start":{"line":50,"column":23},"end":{"line":50,"column":59}},"26":{"start":{"line":51,"column":6},"end":{"line":51,"column":70}},"27":{"start":{"line":53,"column":6},"end":{"line":53,"column":51}},"28":{"start":{"line":58,"column":4},"end":{"line":58,"column":41}},"29":{"start":{"line":62,"column":4},"end":{"line":62,"column":51}},"30":{"start":{"line":66,"column":4},"end":{"line":66,"column":46}},"31":{"start":{"line":70,"column":4},"end":{"line":70,"column":57}},"32":{"start":{"line":74,"column":4},"end":{"line":74,"column":54}},"33":{"start":{"line":78,"column":4},"end":{"line":78,"column":65}},"34":{"start":{"line":82,"column":4},"end":{"line":82,"column":55}},"35":{"start":{"line":86,"column":4},"end":{"line":86,"column":55}},"36":{"start":{"line":90,"column":4},"end":{"line":90,"column":59}},"37":{"start":{"line":94,"column":4},"end":{"line":94,"column":45}},"38":{"start":{"line":98,"column":4},"end":{"line":98,"column":57}},"39":{"start":{"line":102,"column":4},"end":{"line":102,"column":44}},"40":{"start":{"line":106,"column":4},"end":{"line":106,"column":44}},"41":{"start":{"line":110,"column":4},"end":{"line":110,"column":42}},"42":{"start":{"line":114,"column":4},"end":{"line":114,"column":54}},"43":{"start":{"line":118,"column":4},"end":{"line":118,"column":37}},"44":{"start":{"line":6,"column":13},"end":{"line":6,"column":28}},"45":{"start":{"line":6,"column":13},"end":{"line":120,"column":null}}},"fnMap":{"0":{"name":"(anonymous_10)","decl":{"start":{"line":6,"column":7},"end":{"line":6,"column":13}},"loc":{"start":{"line":6,"column":7},"end":{"line":120,"column":1}}},"1":{"name":"(anonymous_11)","decl":{"start":{"line":9,"column":2},"end":{"line":9,"column":7}},"loc":{"start":{"line":9,"column":36},"end":{"line":18,"column":3}}},"2":{"name":"(anonymous_12)","decl":{"start":{"line":20,"column":2},"end":{"line":20,"column":7}},"loc":{"start":{"line":20,"column":48},"end":{"line":28,"column":3}}},"3":{"name":"(anonymous_13)","decl":{"start":{"line":30,"column":2},"end":{"line":30,"column":7}},"loc":{"start":{"line":30,"column":51},"end":{"line":38,"column":3}}},"4":{"name":"(anonymous_14)","decl":{"start":{"line":40,"column":2},"end":{"line":40,"column":7}},"loc":{"start":{"line":40,"column":66},"end":{"line":55,"column":3}}},"5":{"name":"(anonymous_15)","decl":{"start":{"line":57,"column":2},"end":{"line":57,"column":7}},"loc":{"start":{"line":57,"column":19},"end":{"line":59,"column":3}}},"6":{"name":"(anonymous_16)","decl":{"start":{"line":61,"column":2},"end":{"line":61,"column":7}},"loc":{"start":{"line":61,"column":35},"end":{"line":63,"column":3}}},"7":{"name":"(anonymous_17)","decl":{"start":{"line":65,"column":2},"end":{"line":65,"column":7}},"loc":{"start":{"line":65,"column":23},"end":{"line":67,"column":3}}},"8":{"name":"(anonymous_18)","decl":{"start":{"line":69,"column":2},"end":{"line":69,"column":7}},"loc":{"start":{"line":69,"column":40},"end":{"line":71,"column":3}}},"9":{"name":"(anonymous_19)","decl":{"start":{"line":73,"column":2},"end":{"line":73,"column":7}},"loc":{"start":{"line":73,"column":30},"end":{"line":75,"column":3}}},"10":{"name":"(anonymous_20)","decl":{"start":{"line":77,"column":2},"end":{"line":77,"column":7}},"loc":{"start":{"line":77,"column":47},"end":{"line":79,"column":3}}},"11":{"name":"(anonymous_21)","decl":{"start":{"line":81,"column":2},"end":{"line":81,"column":7}},"loc":{"start":{"line":81,"column":32},"end":{"line":83,"column":3}}},"12":{"name":"(anonymous_22)","decl":{"start":{"line":85,"column":2},"end":{"line":85,"column":7}},"loc":{"start":{"line":85,"column":32},"end":{"line":87,"column":3}}},"13":{"name":"(anonymous_23)","decl":{"start":{"line":89,"column":2},"end":{"line":89,"column":7}},"loc":{"start":{"line":89,"column":36},"end":{"line":91,"column":3}}},"14":{"name":"(anonymous_24)","decl":{"start":{"line":93,"column":2},"end":{"line":93,"column":7}},"loc":{"start":{"line":93,"column":22},"end":{"line":95,"column":3}}},"15":{"name":"(anonymous_25)","decl":{"start":{"line":97,"column":2},"end":{"line":97,"column":7}},"loc":{"start":{"line":97,"column":34},"end":{"line":99,"column":3}}},"16":{"name":"(anonymous_26)","decl":{"start":{"line":101,"column":2},"end":{"line":101,"column":7}},"loc":{"start":{"line":101,"column":21},"end":{"line":103,"column":3}}},"17":{"name":"(anonymous_27)","decl":{"start":{"line":105,"column":2},"end":{"line":105,"column":7}},"loc":{"start":{"line":105,"column":21},"end":{"line":107,"column":3}}},"18":{"name":"(anonymous_28)","decl":{"start":{"line":109,"column":2},"end":{"line":109,"column":7}},"loc":{"start":{"line":109,"column":21},"end":{"line":111,"column":3}}},"19":{"name":"(anonymous_29)","decl":{"start":{"line":113,"column":2},"end":{"line":113,"column":7}},"loc":{"start":{"line":113,"column":39},"end":{"line":115,"column":3}}},"20":{"name":"(anonymous_30)","decl":{"start":{"line":117,"column":2},"end":{"line":117,"column":7}},"loc":{"start":{"line":117,"column":15},"end":{"line":119,"column":3}}}},"branchMap":{},"s":{"0":0,"1":0,"2":0,"3":0,"4":0,"5":0,"6":0,"7":0,"8":0,"9":0,"10":0,"11":0,"12":0,"13":0,"14":0,"15":0,"16":0,"17":0,"18":0,"19":0,"20":0,"21":0,"22":0,"23":0,"24":0,"25":0,"26":0,"27":0,"28":0,"29":0,"30":0,"31":0,"32":0,"33":0,"34":0,"35":0,"36":0,"37":0,"38":0,"39":0,"40":0,"41":0,"42":0,"43":0,"44":0,"45":0},"f":{"0":0,"1":0,"2":0,"3":0,"4":0,"5":0,"6":0,"7":0,"8":0,"9":0,"10":0,"11":0,"12":0,"13":0,"14":0,"15":0,"16":0,"17":0,"18":0,"19":0,"20":0},"b":{}}
,"/Users/kin/Code/bet-analysis/src/v2/core/team-mapping.service.ts": {"path":"/Users/kin/Code/bet-analysis/src/v2/core/team-mapping.service.ts","statementMap":{"0":{"start":{"line":1,"column":0},"end":{"line":1,"column":44}},"1":{"start":{"line":4,"column":7},"end":{"line":84,"column":null}},"2":{"start":{"line":7,"column":19},"end":{"line":28,"column":4}},"3":{"start":{"line":30,"column":19},"end":{"line":36,"column":4}},"4":{"start":{"line":39,"column":4},"end":{"line":39,"column":39}},"5":{"start":{"line":43,"column":4},"end":{"line":43,"column":33}},"6":{"start":{"line":47,"column":4},"end":{"line":50,"column":6}},"7":{"start":{"line":48,"column":6},"end":{"line":49,"column":57}},"8":{"start":{"line":55,"column":23},"end":{"line":55,"column":52}},"9":{"start":{"line":57,"column":21},"end":{"line":68,"column":6}},"10":{"start":{"line":70,"column":4},"end":{"line":70,"column":46}},"11":{"start":{"line":74,"column":23},"end":{"line":74,"column":55}},"12":{"start":{"line":76,"column":4},"end":{"line":80,"column":5}},"13":{"start":{"line":77,"column":6},"end":{"line":79,"column":7}},"14":{"start":{"line":78,"column":8},"end":{"line":78,"column":19}},"15":{"start":{"line":82,"column":4},"end":{"line":82,"column":16}},"16":{"start":{"line":4,"column":13},"end":{"line":4,"column":31}},"17":{"start":{"line":4,"column":13},"end":{"line":84,"column":null}}},"fnMap":{"0":{"name":"(anonymous_1)","decl":{"start":{"line":4,"column":7},"end":{"line":4,"column":13}},"loc":{"start":{"line":4,"column":7},"end":{"line":84,"column":1}}},"1":{"name":"(anonymous_2)","decl":{"start":{"line":38,"column":2},"end":{"line":38,"column":21}},"loc":{"start":{"line":38,"column":21},"end":{"line":40,"column":3}}},"2":{"name":"(anonymous_3)","decl":{"start":{"line":42,"column":2},"end":{"line":42,"column":16}},"loc":{"start":{"line":42,"column":16},"end":{"line":44,"column":3}}},"3":{"name":"(anonymous_4)","decl":{"start":{"line":46,"column":2},"end":{"line":46,"column":11}},"loc":{"start":{"line":46,"column":28},"end":{"line":51,"column":3}}},"4":{"name":"(anonymous_5)","decl":{"start":{"line":47,"column":33},"end":{"line":47,"column":37}},"loc":{"start":{"line":48,"column":6},"end":{"line":49,"column":57}}},"5":{"name":"(anonymous_6)","decl":{"start":{"line":53,"column":2},"end":{"line":53,"column":19}},"loc":{"start":{"line":53,"column":36},"end":{"line":71,"column":3}}},"6":{"name":"(anonymous_7)","decl":{"start":{"line":73,"column":2},"end":{"line":73,"column":18}},"loc":{"start":{"line":73,"column":35},"end":{"line":83,"column":3}}}},"branchMap":{"0":{"loc":{"start":{"line":48,"column":6},"end":{"line":49,"column":57}},"type":"binary-expr","locations":[{"start":{"line":48,"column":6},"end":{"line":48,"column":57}},{"start":{"line":49,"column":6},"end":{"line":49,"column":57}}]},"1":{"loc":{"start":{"line":70,"column":11},"end":{"line":70,"column":45}},"type":"binary-expr","locations":[{"start":{"line":70,"column":11},"end":{"line":70,"column":31}},{"start":{"line":70,"column":35},"end":{"line":70,"column":45}}]},"2":{"loc":{"start":{"line":77,"column":6},"end":{"line":79,"column":7}},"type":"if","locations":[{"start":{"line":77,"column":6},"end":{"line":79,"column":7}}]},"3":{"loc":{"start":{"line":77,"column":10},"end":{"line":77,"column":72}},"type":"binary-expr","locations":[{"start":{"line":77,"column":10},"end":{"line":77,"column":28}},{"start":{"line":77,"column":32},"end":{"line":77,"column":72}}]}},"s":{"0":0,"1":0,"2":0,"3":0,"4":0,"5":0,"6":0,"7":0,"8":0,"9":0,"10":0,"11":0,"12":0,"13":0,"14":0,"15":0,"16":0,"17":0},"f":{"0":0,"1":0,"2":0,"3":0,"4":0,"5":0,"6":0},"b":{"0":[0,0],"1":[0,0],"2":[0],"3":[0,0]}}
,"/Users/kin/Code/bet-analysis/src/v2/data-collection/data-collection.controller.ts": {"path":"/Users/kin/Code/bet-analysis/src/v2/data-collection/data-collection.controller.ts","statementMap":{"0":{"start":{"line":1,"column":0},"end":{"line":1,"column":55}},"1":{"start":{"line":2,"column":0},"end":{"line":2,"column":62}},"2":{"start":{"line":3,"column":0},"end":{"line":3,"column":64}},"3":{"start":{"line":6,"column":7},"end":{"line":35,"column":null}},"4":{"start":{"line":8,"column":21},"end":{"line":8,"column":34}},"5":{"start":{"line":9,"column":21},"end":{"line":9,"column":35}},"6":{"start":{"line":14,"column":4},"end":{"line":14,"column":46}},"7":{"start":{"line":15,"column":4},"end":{"line":15,"column":50}},"8":{"start":{"line":20,"column":4},"end":{"line":20,"column":52}},"9":{"start":{"line":21,"column":4},"end":{"line":21,"column":51}},"10":{"start":{"line":26,"column":4},"end":{"line":33,"column":6}},"11":{"start":{"line":6,"column":13},"end":{"line":6,"column":37}},"12":{"start":{"line":13,"column":8},"end":{"line":16,"column":null}},"13":{"start":{"line":19,"column":8},"end":{"line":22,"column":null}},"14":{"start":{"line":25,"column":2},"end":{"line":34,"column":null}},"15":{"start":{"line":6,"column":13},"end":{"line":35,"column":null}}},"fnMap":{"0":{"name":"(anonymous_2)","decl":{"start":{"line":7,"column":2},"end":{"line":7,"column":null}},"loc":{"start":{"line":9,"column":55},"end":{"line":10,"column":6}}},"1":{"name":"(anonymous_3)","decl":{"start":{"line":13,"column":2},"end":{"line":13,"column":7}},"loc":{"start":{"line":13,"column":18},"end":{"line":16,"column":3}}},"2":{"name":"(anonymous_4)","decl":{"start":{"line":19,"column":2},"end":{"line":19,"column":7}},"loc":{"start":{"line":19,"column":19},"end":{"line":22,"column":3}}},"3":{"name":"(anonymous_5)","decl":{"start":{"line":25,"column":2},"end":{"line":25,"column":11}},"loc":{"start":{"line":25,"column":11},"end":{"line":34,"column":3}}}},"branchMap":{},"s":{"0":0,"1":0,"2":0,"3":0,"4":0,"5":0,"6":0,"7":0,"8":0,"9":0,"10":0,"11":0,"12":0,"13":0,"14":0,"15":0},"f":{"0":0,"1":0,"2":0,"3":0},"b":{}}
,"/Users/kin/Code/bet-analysis/src/v2/data-collection/data-collection.module.ts": {"path":"/Users/kin/Code/bet-analysis/src/v2/data-collection/data-collection.module.ts","statementMap":{"0":{"start":{"line":1,"column":0},"end":{"line":1,"column":40}},"1":{"start":{"line":2,"column":0},"end":{"line":2,"column":62}},"2":{"start":{"line":3,"column":0},"end":{"line":3,"column":64}},"3":{"start":{"line":4,"column":0},"end":{"line":4,"column":72}},"4":{"start":{"line":5,"column":0},"end":{"line":5,"column":49}},"5":{"start":{"line":12,"column":7},"end":{"line":12,"column":null}},"6":{"start":{"line":12,"column":13},"end":{"line":12,"column":33}},"7":{"start":{"line":12,"column":13},"end":{"line":12,"column":null}}},"fnMap":{},"branchMap":{},"s":{"0":0,"1":0,"2":0,"3":0,"4":0,"5":0,"6":0,"7":0},"f":{},"b":{}}
,"/Users/kin/Code/bet-analysis/src/v2/data-processing/data-processing.controller.ts": {"path":"/Users/kin/Code/bet-analysis/src/v2/data-processing/data-processing.controller.ts","statementMap":{"0":{"start":{"line":1,"column":0},"end":{"line":1,"column":55}},"1":{"start":{"line":2,"column":0},"end":{"line":2,"column":58}},"2":{"start":{"line":3,"column":0},"end":{"line":3,"column":62}},"3":{"start":{"line":6,"column":7},"end":{"line":35,"column":null}},"4":{"start":{"line":8,"column":21},"end":{"line":8,"column":40}},"5":{"start":{"line":9,"column":21},"end":{"line":9,"column":42}},"6":{"start":{"line":14,"column":4},"end":{"line":14,"column":53}},"7":{"start":{"line":15,"column":4},"end":{"line":15,"column":59}},"8":{"start":{"line":20,"column":4},"end":{"line":20,"column":55}},"9":{"start":{"line":21,"column":4},"end":{"line":21,"column":53}},"10":{"start":{"line":26,"column":4},"end":{"line":33,"column":6}},"11":{"start":{"line":6,"column":13},"end":{"line":6,"column":37}},"12":{"start":{"line":13,"column":8},"end":{"line":16,"column":null}},"13":{"start":{"line":19,"column":8},"end":{"line":22,"column":null}},"14":{"start":{"line":25,"column":2},"end":{"line":34,"column":null}},"15":{"start":{"line":6,"column":13},"end":{"line":35,"column":null}}},"fnMap":{"0":{"name":"(anonymous_2)","decl":{"start":{"line":7,"column":2},"end":{"line":7,"column":null}},"loc":{"start":{"line":9,"column":61},"end":{"line":10,"column":6}}},"1":{"name":"(anonymous_3)","decl":{"start":{"line":13,"column":2},"end":{"line":13,"column":7}},"loc":{"start":{"line":13,"column":17},"end":{"line":16,"column":3}}},"2":{"name":"(anonymous_4)","decl":{"start":{"line":19,"column":2},"end":{"line":19,"column":7}},"loc":{"start":{"line":19,"column":19},"end":{"line":22,"column":3}}},"3":{"name":"(anonymous_5)","decl":{"start":{"line":25,"column":2},"end":{"line":25,"column":11}},"loc":{"start":{"line":25,"column":11},"end":{"line":34,"column":3}}}},"branchMap":{},"s":{"0":0,"1":0,"2":0,"3":0,"4":0,"5":0,"6":0,"7":0,"8":0,"9":0,"10":0,"11":0,"12":0,"13":0,"14":0,"15":0},"f":{"0":0,"1":0,"2":0,"3":0},"b":{}}
,"/Users/kin/Code/bet-analysis/src/v2/data-processing/data-processing.module.ts": {"path":"/Users/kin/Code/bet-analysis/src/v2/data-processing/data-processing.module.ts","statementMap":{"0":{"start":{"line":1,"column":0},"end":{"line":1,"column":40}},"1":{"start":{"line":2,"column":0},"end":{"line":2,"column":58}},"2":{"start":{"line":3,"column":0},"end":{"line":3,"column":62}},"3":{"start":{"line":4,"column":0},"end":{"line":4,"column":72}},"4":{"start":{"line":5,"column":0},"end":{"line":5,"column":49}},"5":{"start":{"line":12,"column":7},"end":{"line":12,"column":null}},"6":{"start":{"line":12,"column":13},"end":{"line":12,"column":33}},"7":{"start":{"line":12,"column":13},"end":{"line":12,"column":null}}},"fnMap":{},"branchMap":{},"s":{"0":0,"1":0,"2":0,"3":0,"4":0,"5":0,"6":0,"7":0},"f":{},"b":{}}
,"/Users/kin/Code/bet-analysis/src/v2/health/health.controller.ts": {"path":"/Users/kin/Code/bet-analysis/src/v2/health/health.controller.ts","statementMap":{"0":{"start":{"line":1,"column":0},"end":{"line":1,"column":62}},"1":{"start":{"line":2,"column":0},"end":{"line":2,"column":62}},"2":{"start":{"line":5,"column":7},"end":{"line":54,"column":null}},"3":{"start":{"line":6,"column":31},"end":{"line":6,"column":52}},"4":{"start":{"line":10,"column":4},"end":{"line":10,"column":55}},"5":{"start":{"line":15,"column":4},"end":{"line":15,"column":55}},"6":{"start":{"line":20,"column":4},"end":{"line":20,"column":66}},"7":{"start":{"line":25,"column":4},"end":{"line":25,"column":56}},"8":{"start":{"line":30,"column":20},"end":{"line":30,"column":63}},"9":{"start":{"line":31,"column":4},"end":{"line":37,"column":6}},"10":{"start":{"line":42,"column":4},"end":{"line":42,"column":55}},"11":{"start":{"line":43,"column":4},"end":{"line":43,"column":56}},"12":{"start":{"line":48,"column":4},"end":{"line":52,"column":6}},"13":{"start":{"line":5,"column":13},"end":{"line":5,"column":29}},"14":{"start":{"line":9,"column":2},"end":{"line":11,"column":null}},"15":{"start":{"line":14,"column":2},"end":{"line":16,"column":null}},"16":{"start":{"line":19,"column":2},"end":{"line":21,"column":null}},"17":{"start":{"line":24,"column":2},"end":{"line":26,"column":null}},"18":{"start":{"line":29,"column":2},"end":{"line":38,"column":null}},"19":{"start":{"line":41,"column":8},"end":{"line":44,"column":null}},"20":{"start":{"line":47,"column":2},"end":{"line":53,"column":null}},"21":{"start":{"line":5,"column":13},"end":{"line":54,"column":null}}},"fnMap":{"0":{"name":"(anonymous_4)","decl":{"start":{"line":6,"column":2},"end":{"line":6,"column":31}},"loc":{"start":{"line":6,"column":71},"end":{"line":6,"column":75}}},"1":{"name":"(anonymous_5)","decl":{"start":{"line":9,"column":2},"end":{"line":9,"column":18}},"loc":{"start":{"line":9,"column":18},"end":{"line":11,"column":3}}},"2":{"name":"(anonymous_6)","decl":{"start":{"line":14,"column":2},"end":{"line":14,"column":20}},"loc":{"start":{"line":14,"column":20},"end":{"line":16,"column":3}}},"3":{"name":"(anonymous_7)","decl":{"start":{"line":19,"column":2},"end":{"line":19,"column":18}},"loc":{"start":{"line":19,"column":57},"
[...]
":45,"column":37},"end":{"line":81,"column":3}}},"6":{"name":"(anonymous_8)","decl":{"start":{"line":83,"column":10},"end":{"line":83,"column":23}},"loc":{"start":{"line":83,"column":40},"end":{"line":90,"column":3}}},"7":{"name":"(anonymous_9)","decl":{"start":{"line":92,"column":2},"end":{"line":92,"column":7}},"loc":{"start":{"line":92,"column":29},"end":{"line":116,"column":3}}},"8":{"name":"(anonymous_10)","decl":{"start":{"line":105,"column":32},"end":{"line":105,"column":33}},"loc":{"start":{"line":105,"column":44},"end":{"line":105,"column":62}}},"9":{"name":"(anonymous_11)","decl":{"start":{"line":106,"column":39},"end":{"line":106,"column":40}},"loc":{"start":{"line":106,"column":64},"end":{"line":106,"column":78}}},"10":{"name":"(anonymous_12)","decl":{"start":{"line":107,"column":38},"end":{"line":107,"column":39}},"loc":{"start":{"line":107,"column":63},"end":{"line":107,"column":87}}}},"branchMap":{"0":{"loc":{"start":{"line":26,"column":6},"end":{"line":28,"column":7}},"type":"if","locations":[{"start":{"line":26,"column":6},"end":{"line":28,"column":7}}]},"1":{"loc":{"start":{"line":32,"column":35},"end":{"line":34,"column":44}},"type":"cond-expr","locations":[{"start":{"line":33,"column":8},"end":{"line":33,"column":44}},{"start":{"line":34,"column":8},"end":{"line":34,"column":44}}]},"2":{"loc":{"start":{"line":37,"column":6},"end":{"line":41,"column":7}},"type":"if","locations":[{"start":{"line":37,"column":6},"end":{"line":41,"column":7}}]},"3":{"loc":{"start":{"line":57,"column":4},"end":{"line":69,"column":5}},"type":"if","locations":[{"start":{"line":57,"column":4},"end":{"line":69,"column":5}},{"start":{"line":60,"column":11},"end":{"line":69,"column":5}}]},"4":{"loc":{"start":{"line":60,"column":11},"end":{"line":69,"column":5}},"type":"if","locations":[{"start":{"line":60,"column":11},"end":{"line":69,"column":5}},{"start":{"line":66,"column":11},"end":{"line":69,"column":5}}]},"5":{"loc":{"start":{"line":61,"column":6},"end":{"line":62,"column":63}},"type":"binary-expr","locations":[{"start":{"line":61,"column":7},"end":{"line":61,"column":29}},{"start":{"line":61,"column":33},"end":{"line":61,"column":62}},{"start":{"line":62,"column":7},"end":{"line":62,"column":29}},{"start":{"line":62,"column":33},"end":{"line":62,"column":62}}]},"6":{"loc":{"start":{"line":84,"column":4},"end":{"line":88,"column":5}},"type":"if","locations":[{"start":{"line":84,"column":4},"end":{"line":88,"column":5}}]},"7":{"loc":{"start":{"line":89,"column":11},"end":{"line":89,"column":36}},"type":"binary-expr","locations":[{"start":{"line":89,"column":11},"end":{"line":89,"column":31}},{"start":{"line":89,"column":35},"end":{"line":89,"column":36}}]},"8":{"loc":{"start":{"line":95,"column":4},"end":{"line":102,"column":5}},"type":"if","locations":[{"start":{"line":95,"column":4},"end":{"line":102,"column":5}}]},"9":{"loc":{"start":{"line":114,"column":11},"end":{"line":114,"column":64}},"type":"cond-expr","locations":[{"start":{"line":114,"column":28},"end":{"line":114,"column":60}},{"start":{"line":114,"column":63},"end":{"line":114,"column":64}}]}},"s":{"0":0,"1":0,"2":0,"3":0,"4":0,"5":0,"6":0,"7":0,"8":0,"9":0,"10":0,"11":0,"12":0,"13":0,"14":0,"15":0,"16":0,"17":0,"18":0,"19":0,"20":0,"21":0,"22":0,"23":0,"24":0,"25":0,"26":0,"27":0,"28":0,"29":0,"30":0,"31":0,"32":0,"33":0,"34":0,"35":0,"36":0,"37":0,"38":0,"39":0,"40":0,"41":0,"42":0,"43":0,"44":0,"45":0,"46":0,"47":0,"48":0,"49":0,"50":0,"51":0},"f":{"0":0,"1":0,"2":0,"3":0,"4":0,"5":0,"6":0,"7":0,"8":0,"9":0,"10":0},"b":{"0":[0],"1":[0,0],"2":[0],"3":[0,0],"4":[0,0],"5":[0,0,0,0],"6":[0],"7":[0,0],"8":[0],"9":[0,0]}}
,"/Users/kin/Code/bet-analysis/src/v2/web-interface/api.controller.ts": {"path":"/Users/kin/Code/bet-analysis/src/v2/web-interface/api.controller.ts","statementMap":{"0":{"start":{"line":1,"column":0},"end":{"line":1,"column":68}},"1":{"start":{"line":2,"column":0},"end":{"line":2,"column":60}},"2":{"start":{"line":5,"column":7},"end":{"line":256,"column":null}},"3":{"start":{"line":7,"column":21},"end":{"line":7,"column":38}},"4":{"start":{"line":13,"column":4},"end":{"line":41,"column":5}},"5":{"start":{"line":15,"column":31},"end":{"line":15,"column":79}},"6":{"start":{"line":16,"column":23},"end":{"line":16,"column":63}},"7":{"start":{"line":17,"column":23},"end":{"line":17,"column":63}},"8":{"start":{"line":19,"column":6},"end":{"line":33,"column":8}},"9":{"start":{"line":35,"column":6},"end":{"line":40,"column":8}},"10":{"start":{"line":45,"column":4},"end":{"line":50,"column":5}},"11":{"start":{"line":46,"column":19},"end":{"line":46,"column":64}},"12":{"start":{"line":47,"column":6},"end":{"line":47,"column":50}},"13":{"start":{"line":49,"column":6},"end":{"line":49,"column":18}},"14":{"start":{"line":57,"column":4},"end":{"line":60,"column":8}},"15":{"start":{"line":61,"column":4},"end":{"line":61,"column":93}},"16":{"start":{"line":67,"column":4},"end":{"line":70,"column":8}},"17":{"start":{"line":71,"column":4},"end":{"line":71,"column":94}},"18":{"start":{"line":77,"column":4},"end":{"line":80,"column":8}},"19":{"start":{"line":81,"column":4},"end":{"line":81,"column":95}},"20":{"start":{"line":87,"column":4},"end":{"line":90,"column":8}},"21":{"start":{"line":91,"column":4},"end":{"line":91,"column":96}},"22":{"start":{"line":98,"column":4},"end":{"line":102,"column":8}},"23":{"start":{"line":103,"column":4},"end":{"line":103,"column":113}},"24":{"start":{"line":109,"column":4},"end":{"line":113,"column":8}},"25":{"start":{"line":114,"column":4},"end":{"line":114,"column":109}},"26":{"start":{"line":120,"column":24},"end":{"line":120,"column":73}},"27":{"start":{"line":121,"column":4},"end":{"line":121,"column":111}},"28":{"start":{"line":127,"column":23},"end":{"line":127,"column":62}},"29":{"start":{"line":128,"column":4},"end":{"line":128,"column":92}},"30":{"start":{"line":133,"column":21},"end":{"line":133,"column":49}},"31":{"start":{"line":135,"column":26},"end":{"line":135,"column":71}},"32":{"start":{"line":136,"column":4},"end":{"line":138,"column":5}},"33":{"start":{"line":137,"column":6},"end":{"line":137,"column":46}},"34":{"start":{"line":139,"column":4},"end":{"line":139,"column":88}},"35":{"start":{"line":145,"column":29},"end":{"line":145,"column":77}},"36":{"start":{"line":146,"column":21},"end":{"line":146,"column":61}},"37":{"start":{"line":148,"column":4},"end":{"line":155,"column":6}},"38":{"start":{"line":160,"column":21},"end":{"line":160,"column":61}},"39":{"start":{"line":161,"column":4},"end":{"line":167,"column":6}},"40":{"start":{"line":172,"column":21},"end":{"line":172,"column":61}},"41":{"start":{"line":173,"column":16},"end":{"line":173,"column":26}},"42":{"start":{"line":176,"column":27},"end":{"line":181,"column":12}},"43":{"start":{"line":177,"column":22},"end":{"line":177,"column":51}},"44":{"start":{"line":178,"column":23},"end":{"line":178,"column":56}},"45":{"start":{"line":179,"column":34},"end":{"line":179,"column":56}},"46":{"start":{"line":180,"column":6},"end":{"line":180,"column":67}},"47":{"start":{"line":183,"column":4},"end":{"line":186,"column":6}},"48":{"start":{"line":191,"column":21},"end":{"line":191,"column":61}},"49":{"start":{"line":192,"column":4},"end":{"line":192,"column":89}},"50":{"start":{"line":199,"column":4},"end":{"line":206,"column":6}},"51":{"start":{"line":212,"column":4},"end":{"line":212,"column":14}},"52":{"start":{"line":217,"column":23},"end":{"line":217,"column":64}},"53":{"start":{"line":218,"column":4},"end":{"line":220,"column":5}},"54":{"start":{"line":219,"column":6},"end":{"line":219,"column":84}},"55":{"start":{"line":219,"column":45},"end":{"line":219,"column":82}},"56":{"start":{"line":221,"column":4},"end":{"line":221,"column":80}},"57":{"start":{"line":227,"column":4},"end":{"line":230,"column":8}},"58":{"start":{"line":231,"column":4},"end":{"line":231,"column":108}},"59":{"start":{"line":238,"column":4},"end":{"line":241,"column":8}},"60":{"start":{"line":242,"column":4},"end":{"line":242,"column":120}},"61":{"start":{"line":247,"column":4},"end":{"line":254,"column":6}},"62":{"start":{"line":5,"column":13},"end":{"line":5,"column":26}},"63":{"start":{"line":12,"column":8},"end":{"line":42,"column":null}},"64":{"start":{"line":55,"column":8},"end":{"line":62,"column":null}},"65":{"start":{"line":65,"column":8},"end":{"line":72,"column":null}},"66":{"start":{"line":75,"column":8},"end":{"line":82,"column":null}},"67":{"start":{"line":85,"column":8},"end":{"line":92,"column":null}},"68":{"start":{"line":96,"column":8},"end":{"line":104,"column":null}},"69":{"start":{"line":107,"column":8},"end":{"line":115,"column":null}},"70":{"start":{"line":118,"column":8},"end":{"line":122,"column":null}},"71":{"start":{"line":125,"column":8},"end":{"line":129,"column":null}},"72":{"start":{"line":132,"column":8},"end":{"line":140,"column":null}},"73":{"start":{"line":144,"column":8},"end":{"line":156,"column":null}},"74":{"start":{"line":159,"column":8},"end":{"line":168,"column":null}},"75":{"start":{"line":171,"column":8},"end":{"line":187,"column":null}},"76":{"start":{"line":190,"column":8},"end":{"line":193,"column":null}},"77":{"start":{"line":197,"column":8},"end":{"line":207,"column":null}},"78":{"start":{"line":210,"column":8},"end":{"line":213,"column":null}},"79":{"start":{"line":216,"column":8},"end":{"line":222,"column":null}},"80":{"start":{"line":225,"column":8},"end":{"line":232,"column":null}},"81":{"start":{"line":236,"column":8},"end":{"line":243,"column":null}},"82":{"start":{"line":246,"column":2},"end":{"line":255,"column":null}},"83":{"start":{"line":5,"column":13},"end":{"line":256,"column":null}}},"fnMap":{"0":{"name":"(anonymous_4)","decl":{"start":{"line":6,"column":2},"end":{"line":6,"column":null}},"loc":{"start":{"line":7,"column":53},"end":{"line":8,"column":6}}},"1":{"name":"(anonymous_5)","decl":{"start":{"line":12,"column":2},"end":{"line":12,"column":7}},"loc":{"start":{"line":12,"column":23},"end":{"line":42,"column":3}}},"2":{"name":"(anonymous_6)","decl":{"start":{"line":44,"column":10},"end":{"line":44,"column":15}},"loc":{"start":{"line":44,"column":44},"end":{"line":51,"column":3}}},"3":{"name":"(anonymous_7)","decl":{"start":{"line":55,"column":2},"end":{"line":55,"column":7}},"loc":{"start":{"line":55,"column":18},"end":{"line":62,"column":3}}},"4":{"name":"(anonymous_8)","decl":{"start":{"line":65,"column":2},"end":{"line":65,"column":7}},"loc":{"start":{"line":65,"column":19},"end":{"line":72,"column":3}}},"5":{"name":"(anonymous_9)","decl":{"start":{"line":75,"column":2},"end":{"line":75,"column":7}},"loc":{"start":{"line":75,"column":19},"end":{"line":82,"column":3}}},"6":{"name":"(anonymous_10)","decl":{"start":{"line":85,"column":2},"end":{"line":85,"column":7}},"loc":{"start":{"line":85,"column":19},"end":{"line":92,"column":3}}},"7":{"name":"(anonymous_11)","decl":{"start":{"line":96,"column":2},"end":{"line":96,"column":7}},"loc":{"start":{"line":96,"column":68},"end":{"line":104,"column":3}}},"8":{"name":"(anonymous_12)","decl":{"start":{"line":107,"column":2},"end":{"line":107,"column":7}},"loc":{"start":{"line":107,"column":57},"end":{"line":115,"column":3}}},"9":{"name":"(anonymous_13)","decl":{"start":{"line":118,"column":2},"end":{"line":118,"column":7}},"loc":{"start":{"line":118,"column":28},"end":{"line":122,"column":3}}},"10":{"name":"(anonymous_14)","decl":{"start":{"line":125,"column":2},"end":{"line":125,"column":7}},"loc":{"start":{"line":125,"column":21},"end":{"line":129,"column":3}}},"11":{"name":"(anonymous_15)","decl":{"start":{"line":132,"column":2},"end":{"line":132,"column":7}},"loc":{"start":{"line":132,"column":55},"end":{"line":140,"column":3}}},"12":{"name":"(anonymous_16)","decl":{"start":{"line":144,"column":2},"end":{"line":144,"column":7}},"loc":{"start":{"line":144,"column":27},"end":{"line":156,"column":3}}},"13":{"name":"(anonymous_17)","decl":{"start":{"line":159,"column":2},"end":{"line":159,"column":7}},"loc":{"start":{"line":159,"column":25},"end":{"line":168,"column":3}}},"14":{"name":"(anonymous_18)","decl":{"start":{"line":171,"column":2},"end":{"line":171,"column":7}},"loc":{"start":{"line":171,"column":24},"end":{"line":187,"column":3}}},"15":{"name":"(anonymous_19)","decl":{"start":{"line":176,"column":44},"end":{"line":176,"column":45}},"loc":{"start":{"line":176,"column":61},"end":{"line":181,"column":5}}},"16":{"name":"(anonymous_20)","decl":{"start":{"line":190,"column":2},"end":{"line":190,"column":7}},"loc":{"start":{"line":190,"column":21},"end":{"line":193,"column":3}}},"17":{"name":"(anonymous_21)","decl":{"start":{"line":197,"column":2},"end":{"line":197,"column":7}},"loc":{"start":{"line":197,"column":28},"end":{"line":207,"column":3}}},"18":{"name":"(anonymous_22)","decl":{"start":{"line":210,"column":2},"end":{"line":210,"column":7}},"loc":{"start":{"line":210,"column":72},"end":{"line":213,"column":3}}},"19":{"name":"(anonymous_23)","decl":{"start":{"line":216,"column":2},"end":{"line":216,"column":7}},"loc":{"start":{"line":216,"column":63},"end":{"line":222,"column":3}}},"20":{"name":"(anonymous_24)","decl":{"start":{"line":219,"column":31},"end":{"line":219,"column":32}},"loc":{"start":{"line":219,"column":45},"end":{"line":219,"column":82}}},"21":{"name":"(anonymous_25)","decl":{"start":{"line":225,"column":2},"end":{"line":225,"column":7}},"loc":{"start":{"line":225,"column":21},"end":{"line":232,"column":3}}},"22":{"name":"(anonymous_26)","decl":{"start":{"line":236,"column":2},"end":{"line":236,"column":7}},"loc":{"start":{"line":236,"column":27},"end":{"line":243,"column":3}}},"23":{"name":"(anonymous_27)","decl":{"start":{"line":246,"column":2},"end":{"line":246,"column":17}},"loc":{"start":{"line":246,"column":17},"end":{"line":255,"column":3}}}},"branchMap":{"0":{"loc":{"start":{"line":24,"column":20},"end":{"line":24,"column":71}},"type":"cond-expr","locations":[{"start":{"line":24,"column":50},"end":{"line":24,"column":59}},{"start":{"line":24,"column":62},"end":{"line":24,"column":71}}]},"1":{"loc":{"start":{"line":25,"column":25},"end":{"line":25,"column":46}},"type":"binary-expr","locations":[{"start":{"line":25,"column":25},"end":{"line":25,"column":41}},{"start":{"line":25,"column":45},"end":{"line":25,"column":46}}]},"2":{"loc":{"start":{"line":28,"column":25},"end":{"line":28,"column":57}},"type":"cond-expr","locations":[{"start":{"line":28,"column":36},"end":{"line":28,"column":44}},{"start":{"line":28,"column":47},"end":{"line":28,"column":57}}]},"3":{"loc":{"start":{"line":47,"column":13},"end":{"line":47,"column":49}},"type":"cond-expr","locations":[{"start":{"line":47,"column":35},"end":{"line":47,"column":42}},{"start":{"line":47,"column":45},"end":{"line":47,"column":49}}]},"4":{"loc":{"start":{"line":110,"column":15},"end":{"line":110,"column":33}},"type":"binary-expr","locations":[{"start":{"line":110,"column":15},"end":{"line":110,"column":27}},{"start":{"line":110,"column":31},"end":{"line":110,"column":33}}]},"5":{"loc":{"start":{"line":121,"column":11},"end":{"line":121,"column":110}},"type":"binary-expr","locations":[{"start":{"line":121,"column":11},"end":{"line":121,"column":22}},{"start":{"line":121,"column":26},"end":{"line":121,"column":110}}]},"6":{"loc":{"start":{"line":128,"column":11},"end":{"line":128,"column":91}},"type":"binary-expr","locations":[{"start":{"line":128,"column":11},"end":{"line":128,"column":21}},{"start":{"line":128,"column":25},"end":{"line":128,"column":91}}]},"7":{"loc":{"start":{"line":133,"column":21},"end":{"line":133,"column":49}},"type":"cond-expr","locations":[{"start":{"line":133,"column":29},"end":{"line":133,"column":44}},{"start":{"line":133,"column":47},"end":{"line":133,"column":49}}]},"8":{"loc":{"start":{"line":136,"column":4},"end":{"line":138,"column":5}},"type":"if","locations":[{"start":{"line":136,"column":4},"end":{"line":138,"column":5}}]},"9":{"loc":{"start":{"line":150,"column":20},"end":{"line":150,"column":80}},"type":"binary-expr","locations":[{"start":{"line":150,"column":20},"end":{"line":150,"column":36}},{"start":{"line":150,"column":40},"end":{"line":150,"column":80}}]},"10":{"loc":{"start":{"line":152,"column":15},"end":{"line":152,"column":36}},"type":"binary-expr","locations":[{"start":{"line":152,"column":15},"end":{"line":152,"column":31}},{"start":{"line":152,"column":35},"end":{"line":152,"column":36}}]},"11":{"loc":{"start":{"line":153,"column":16},"end":{"line":153,"column":63}},"type":"cond-expr","locations":[{"start":{"line":153,"column":39},"end":{"line":153,"column":47}},{"start":{"line":153,"column":50},"end":{"line":153,"column":63}}]},"12":{"loc":{"start":{"line":162,"column":16},"end":{"line":162,"column":30}},"type":"binary-expr","locations":[{"start":{"line":162,"column":16},"end":{"line":162,"column":24}},{"start":{"line":162,"column":28},"end":{"line":162,"column":30}}]},"13":{"loc":{"start":{"line":164,"column":15},"end":{"line":164,"column":36}},"type":"binary-expr","locations":[{"start":{"line":164,"column":15},"end":{"line":164,"column":31}},{"start":{"line":164,"column":35},"end":{"line":164,"column":36}}]},"14":{"loc":{"start":{"line":176,"column":27},"end":{"line":181,"column":12}},"type":"binary-expr","locations":[{"start":{"line":176,"column":27},"end":{"line":181,"column":6}},{"start":{"line":181,"column":10},"end":{"line":181,"column":12}}]},"15":{"loc":{"start":{"line":180,"column":13},"end":{"line":180,"column":66}},"type":"binary-expr","locations":[{"start":{"line":180,"column":13},"end":{"line":180,"column":37}},{"start":{"line":180,"column":41},"end":{"line":180,"column":66}}]},"16":{"loc":{"start":{"line":192,"column":11},"end":{"line":192,"column":88}},"type":"binary-expr","locations":[{"start":{"line":192,"column":11},"end":{"line":192,"column":19}},{"start":{"line":192,"column":23},"end":{"line":192,"column":88}}]},"17":{"loc":{"start":{"line":218,"column":4},"end":{"line":220,"column":5}},"type":"if","locations":[{"start":{"line":218,"column":4},"end":{"line":220,"column":5}}]},"18":{"loc":{"start":{"line":250,"column":36},"end":{"line":250,"column":80}},"type":"binary-expr","locations":[{"start":{"line":250,"column":36},"end":{"line":250,"column":69}},{"start":{"line":250,"column":73},"end":{"line":250,"column":80}}]},"19":{"loc":{"start":{"line":251,"column":38},"end":{"line":251,"column":79}},"type":"binary-expr","locations":[{"start":{"line":251,"column":38},"end":{"line":251,"column":70}},{"start":{"line":251,"column":74},"end":{"line":251,"column":79}}]},"20":{"loc":{"start":{"line":252,"column":26},"end":{"line":252,"column":57}},"type":"binary-expr","locations":[{"start":{"line":252,"column":26},"end":{"line":252,"column":48}},{"start":{"line":252,"column":52},"end":{"line":252,"column":57}}]},"21":{"loc":{"start":{"line":253,"column":25},"end":{"line":253,"column":55}},"type":"binary-expr","locations":[{"start":{"line":253,"column":25},"end":{"line":253,"column":46}},{"start":{"line":253,"column":50},"end":{"line":253,"column":55}}]}},"s":{"0":0,"1":0,"2":0,"3":0,"4":0,"5":0,"6":0,"7":0,"8":0,"9":0,"10":0,"11":0,"12":0,"13":0,"14":0,"15":0,"16":0,"17":0,"18":0,"19":0,"20":0,"21":0,"22":0,"23":0,"24":0,"25":0,"26":0,"27":0,"28":0,"29":0,"30":0,"31":0,"32":0,"33":0,"34":0,"35":0,"36":0,"37":0,"38":0,"39":0,"40":0,"41":0,"42":0,"43":0,"44":0,"45":0,"46":0,"47":0,"48":0,"49":0,"50":0,"51":0,"52":0,"53":0,"54":0,"55":0,"56":0,"57":0,"58":0,"59":0,"60":0,"61":0,"62":0,"63":0,"64":0,"65":0,"66":0,"67":0,"68":0,"69":0,"70":0,"71":0,"72":0,"73":0,"74":0,"75":0,"76":0,"77":0,"78":0,"79":0,"80":0,"81":0,"82":0,"83":0},"f":{"0":0,"1":0,"2":0,"3":0,"4":0,"5":0,"6":0,"7":0,"8":0,"9":0,"10":0,"11":0,"12":0,"13":0,"14":0,"15":0,"16":0,"17":0,"18":0,"19":0,"20":0,"21":0,"22":0,"23":0},"b":{"0":[0,0],"1":[0,0],"2":[0,0],"3":[0,0],"4":[0,0],"5":[0,0],"6":[0,0],"7":[0,0],"8":[0],"9":[0,0],"10":[0,0],"11":[0,0],"12":[0,0],"13":[0,0],"14":[0,0],"15":[0,0],"16":[0,0],"17":[0],"18":[0,0],"19":[0,0],"20":[0,0],"21":[0,0]}}
}
