TN:
SF:src/utils/AsianHandicapCalculator.js
FN:24,(anonymous_0)
FN:51,(anonymous_1)
FN:120,(anonymous_2)
FN:169,(anonymous_3)
FN:195,(anonymous_4)
FN:199,(anonymous_5)
FN:216,(anonymous_6)
FNF:7
FNH:7
FNDA:33,(anonymous_0)
FNDA:9,(anonymous_1)
FNDA:15,(anonymous_2)
FNDA:29,(anonymous_3)
FNDA:10,(anonymous_4)
FNDA:6,(anonymous_5)
FNDA:6,(anonymous_6)
DA:26,33
DA:27,2
DA:29,31
DA:30,2
DA:32,29
DA:33,3
DA:35,26
DA:36,2
DA:40,24
DA:41,9
DA:43,15
DA:52,9
DA:53,9
DA:54,1
DA:57,8
DA:58,8
DA:60,8
DA:61,1
DA:65,7
DA:68,7
DA:69,7
DA:72,7
DA:75,7
DA:76,4
DA:77,3
DA:78,0
DA:83,7
DA:84,2
DA:85,5
DA:86,4
DA:90,7
DA:94,7
DA:95,4
DA:96,3
DA:97,3
DA:99,0
DA:102,7
DA:121,15
DA:123,15
DA:124,0
DA:127,15
DA:129,15
DA:130,15
DA:131,9
DA:132,6
DA:133,2
DA:137,15
DA:140,15
DA:141,9
DA:142,6
DA:143,4
DA:145,2
DA:148,15
DA:173,29
DA:174,29
DA:177,29
DA:179,12
DA:180,17
DA:182,11
DA:185,6
DA:196,10
DA:198,3
DA:199,3
DA:200,6
DA:201,6
DA:202,6
DA:204,3
DA:207,7
DA:208,7
DA:209,6
DA:217,6
DA:219,6
DA:220,3
DA:221,1
DA:222,2
DA:223,1
DA:225,1
DA:228,3
DA:229,1
DA:230,2
DA:231,1
DA:233,1
DA:239,1
LF:83
LH:80
BRDA:26,0,0,2
BRDA:26,0,1,31
BRDA:26,1,0,33
BRDA:26,1,1,32
BRDA:29,2,0,2
BRDA:29,2,1,29
BRDA:32,3,0,3
BRDA:32,3,1,26
BRDA:32,4,0,29
BRDA:32,4,1,28
BRDA:35,5,0,2
BRDA:35,5,1,24
BRDA:35,6,0,26
BRDA:35,6,1,26
BRDA:40,7,0,9
BRDA:40,7,1,15
BRDA:53,8,0,1
BRDA:53,8,1,8
BRDA:60,9,0,1
BRDA:60,9,1,7
BRDA:60,10,0,8
BRDA:60,10,1,7
BRDA:75,11,0,4
BRDA:75,11,1,3
BRDA:77,12,0,0
BRDA:77,12,1,3
BRDA:83,13,0,2
BRDA:83,13,1,5
BRDA:85,14,0,4
BRDA:85,14,1,1
BRDA:94,15,0,4
BRDA:94,15,1,3
BRDA:96,16,0,3
BRDA:96,16,1,0
BRDA:123,17,0,0
BRDA:123,17,1,15
BRDA:130,18,0,9
BRDA:130,18,1,6
BRDA:132,19,0,2
BRDA:132,19,1,4
BRDA:140,20,0,9
BRDA:140,20,1,6
BRDA:142,21,0,4
BRDA:142,21,1,2
BRDA:177,22,0,12
BRDA:177,22,1,17
BRDA:179,23,0,11
BRDA:179,23,1,1
BRDA:180,24,0,11
BRDA:180,24,1,6
BRDA:182,25,0,4
BRDA:182,25,1,7
BRDA:196,26,0,3
BRDA:196,26,1,7
BRDA:201,27,0,0
BRDA:201,27,1,6
BRDA:202,28,0,2
BRDA:202,28,1,4
BRDA:208,29,0,1
BRDA:208,29,1,6
BRDA:209,30,0,3
BRDA:209,30,1,3
BRDA:219,31,0,3
BRDA:219,31,1,3
BRDA:220,32,0,1
BRDA:220,32,1,2
BRDA:222,33,0,1
BRDA:222,33,1,1
BRDA:228,34,0,1
BRDA:228,34,1,2
BRDA:230,35,0,1
BRDA:230,35,1,1
BRF:72
BRH:68
end_of_record
