TN:
SF:src/utils/AsianHandicapCalculator.js
FN:24,(anonymous_0)
FN:64,(anonymous_1)
FN:160,(anonymous_2)
FN:239,(anonymous_3)
FN:288,(anonymous_4)
FN:314,(anonymous_5)
FN:318,(anonymous_6)
FN:335,(anonymous_7)
FNF:8
FNH:7
FNDA:33,(anonymous_0)
FNDA:0,(anonymous_1)
FNDA:9,(anonymous_2)
FNDA:15,(anonymous_3)
FNDA:29,(anonymous_4)
FNDA:10,(anonymous_5)
FNDA:6,(anonymous_6)
FNDA:6,(anonymous_7)
DA:26,33
DA:27,2
DA:29,31
DA:30,2
DA:32,29
DA:33,3
DA:35,26
DA:36,2
DA:40,24
DA:41,9
DA:44,15
DA:45,15
DA:46,0
DA:49,15
DA:50,15
DA:52,15
DA:53,0
DA:55,15
DA:65,0
DA:66,0
DA:69,0
DA:72,0
DA:73,0
DA:74,0
DA:76,0
DA:77,0
DA:79,0
DA:82,0
DA:83,0
DA:84,0
DA:86,0
DA:87,0
DA:90,0
DA:94,0
DA:97,0
DA:98,0
DA:101,0
DA:104,0
DA:105,0
DA:106,0
DA:107,0
DA:112,0
DA:113,0
DA:114,0
DA:115,0
DA:119,0
DA:123,0
DA:125,0
DA:126,0
DA:128,0
DA:130,0
DA:132,0
DA:133,0
DA:135,0
DA:138,0
DA:141,0
DA:161,9
DA:162,9
DA:163,1
DA:166,8
DA:167,8
DA:169,8
DA:170,1
DA:174,7
DA:177,7
DA:178,7
DA:181,7
DA:184,7
DA:185,4
DA:186,3
DA:187,0
DA:192,7
DA:193,2
DA:194,5
DA:195,4
DA:199,7
DA:203,7
DA:205,4
DA:206,2
DA:208,2
DA:210,3
DA:212,3
DA:213,1
DA:215,2
DA:218,0
DA:221,7
DA:240,15
DA:242,15
DA:243,0
DA:246,15
DA:248,15
DA:249,15
DA:250,9
DA:251,6
DA:252,2
DA:256,15
DA:259,15
DA:260,9
DA:261,6
DA:262,4
DA:264,2
DA:267,15
DA:292,29
DA:293,29
DA:296,29
DA:298,12
DA:299,17
DA:301,11
DA:304,6
DA:315,10
DA:317,3
DA:318,3
DA:319,6
DA:320,6
DA:321,6
DA:323,3
DA:326,7
DA:327,7
DA:328,6
DA:336,6
DA:338,6
DA:339,3
DA:340,1
DA:341,2
DA:342,1
DA:344,1
DA:347,3
DA:348,1
DA:349,2
DA:350,1
DA:352,1
DA:358,1
LF:132
LH:89
BRDA:26,0,0,2
BRDA:26,0,1,31
BRDA:26,1,0,33
BRDA:26,1,1,32
BRDA:29,2,0,2
BRDA:29,2,1,29
BRDA:32,3,0,3
BRDA:32,3,1,26
BRDA:32,4,0,29
BRDA:32,4,1,28
BRDA:35,5,0,2
BRDA:35,5,1,24
BRDA:35,6,0,26
BRDA:35,6,1,26
BRDA:40,7,0,9
BRDA:40,7,1,15
BRDA:40,8,0,24
BRDA:40,8,1,24
BRDA:45,9,0,0
BRDA:45,9,1,15
BRDA:50,10,0,15
BRDA:50,10,1,15
BRDA:52,11,0,0
BRDA:52,11,1,15
BRDA:69,12,0,0
BRDA:69,12,1,0
BRDA:72,13,0,0
BRDA:72,13,1,0
BRDA:79,14,0,0
BRDA:79,14,1,0
BRDA:82,15,0,0
BRDA:82,15,1,0
BRDA:104,16,0,0
BRDA:104,16,1,0
BRDA:106,17,0,0
BRDA:106,17,1,0
BRDA:112,18,0,0
BRDA:112,18,1,0
BRDA:114,19,0,0
BRDA:114,19,1,0
BRDA:123,20,0,0
BRDA:123,20,1,0
BRDA:125,21,0,0
BRDA:125,21,1,0
BRDA:130,22,0,0
BRDA:130,22,1,0
BRDA:132,23,0,0
BRDA:132,23,1,0
BRDA:162,24,0,1
BRDA:162,24,1,8
BRDA:169,25,0,1
BRDA:169,25,1,7
BRDA:169,26,0,8
BRDA:169,26,1,7
BRDA:184,27,0,4
BRDA:184,27,1,3
BRDA:186,28,0,0
BRDA:186,28,1,3
BRDA:192,29,0,2
BRDA:192,29,1,5
BRDA:194,30,0,4
BRDA:194,30,1,1
BRDA:203,31,0,4
BRDA:203,31,1,3
BRDA:205,32,0,2
BRDA:205,32,1,2
BRDA:210,33,0,3
BRDA:210,33,1,0
BRDA:212,34,0,1
BRDA:212,34,1,2
BRDA:242,35,0,0
BRDA:242,35,1,15
BRDA:249,36,0,9
BRDA:249,36,1,6
BRDA:251,37,0,2
BRDA:251,37,1,4
BRDA:259,38,0,9
BRDA:259,38,1,6
BRDA:261,39,0,4
BRDA:261,39,1,2
BRDA:296,40,0,12
BRDA:296,40,1,17
BRDA:298,41,0,11
BRDA:298,41,1,1
BRDA:299,42,0,11
BRDA:299,42,1,6
BRDA:301,43,0,4
BRDA:301,43,1,7
BRDA:315,44,0,3
BRDA:315,44,1,7
BRDA:320,45,0,0
BRDA:320,45,1,6
BRDA:321,46,0,2
BRDA:321,46,1,4
BRDA:327,47,0,1
BRDA:327,47,1,6
BRDA:328,48,0,3
BRDA:328,48,1,3
BRDA:338,49,0,3
BRDA:338,49,1,3
BRDA:339,50,0,1
BRDA:339,50,1,2
BRDA:341,51,0,1
BRDA:341,51,1,1
BRDA:347,52,0,1
BRDA:347,52,1,2
BRDA:349,53,0,1
BRDA:349,53,1,1
BRF:108
BRH:78
end_of_record
